> Task :core:compileJava UP-TO-DATE
> Task :core:processResources UP-TO-DATE
> Task :core:classes UP-TO-DATE

> Task :core:print
11:27:34,243 |-INFO in ch.qos.logback.classic.LoggerContext[default] - Could NOT find resource [logback-test.xml]
11:27:34,244 |-INFO in ch.qos.logback.classic.LoggerContext[default] - Could NOT find resource [logback.groovy]
11:27:34,245 |-INFO in ch.qos.logback.classic.LoggerContext[default] - Found resource [logback.xml] at [file:/home/bhoefling/dev/mfp/mapfish-print/core/build/resources/main/logback.xml]
11:27:34,366 |-INFO in ch.qos.logback.classic.joran.action.ConfigurationAction - debug attribute not set
11:27:34,373 |-INFO in ch.qos.logback.core.joran.action.AppenderAction - About to instantiate appender of type [ch.qos.logback.core.ConsoleAppender]
11:27:34,380 |-INFO in ch.qos.logback.core.joran.action.AppenderAction - Naming appender as [standardOut]
11:27:34,397 |-INFO in ch.qos.logback.core.joran.action.NestedComplexPropertyIA - Assuming default type [ch.qos.logback.classic.encoder.PatternLayoutEncoder] for [encoder] property
11:27:34,453 |-INFO in ch.qos.logback.classic.joran.action.LoggerAction - Setting level of logger [org.mapfish] to WARN
11:27:34,453 |-INFO in ch.qos.logback.classic.joran.action.LoggerAction - Setting level of logger [com.codahale] to WARN
11:27:34,453 |-INFO in ch.qos.logback.classic.joran.action.LoggerAction - Setting level of logger [org.springframework] to WARN
11:27:34,453 |-INFO in ch.qos.logback.classic.joran.action.LoggerAction - Setting level of logger [org.apache] to WARN
11:27:34,453 |-INFO in ch.qos.logback.classic.joran.action.LoggerAction - Setting level of logger [org.hibernate] to WARN
11:27:34,453 |-INFO in ch.qos.logback.classic.joran.action.RootLoggerAction - Setting level of ROOT logger to INFO
11:27:34,453 |-INFO in ch.qos.logback.core.joran.action.AppenderRefAction - Attaching appender named [standardOut] to Logger[ROOT]
11:27:34,454 |-INFO in ch.qos.logback.classic.joran.action.ConfigurationAction - End of configuration.
11:27:34,455 |-INFO in ch.qos.logback.classic.joran.JoranConfigurator@5136d012 - Registering current configuration as safe fallback point
11:27:34,502 |-INFO in ch.qos.logback.classic.joran.action.ConfigurationAction - debug attribute not set
11:27:34,502 |-INFO in ch.qos.logback.core.joran.action.AppenderAction - About to instantiate appender of type [ch.qos.logback.core.ConsoleAppender]
11:27:34,502 |-INFO in ch.qos.logback.core.joran.action.AppenderAction - Naming appender as [standardOut]
11:27:34,503 |-WARN in ch.qos.logback.core.ConsoleAppender[standardOut] - This appender no longer admits a layout as a sub-component, set an encoder instead.
11:27:34,503 |-WARN in ch.qos.logback.core.ConsoleAppender[standardOut] - To ensure compatibility, wrapping your layout in LayoutWrappingEncoder.
11:27:34,503 |-WARN in ch.qos.logback.core.ConsoleAppender[standardOut] - See also http://logback.qos.ch/codes.html#layoutInsteadOfEncoder for details
11:27:34,503 |-INFO in ch.qos.logback.classic.joran.action.LoggerAction - Setting level of logger [org.mapfish] to INFO
11:27:34,503 |-INFO in ch.qos.logback.classic.joran.action.LoggerAction - Setting level of logger [org.mapfish.print.output.ValuesLogger] to OFF
11:27:34,504 |-INFO in ch.qos.logback.classic.joran.action.RootLoggerAction - Setting level of ROOT logger to INFO
11:27:34,504 |-INFO in ch.qos.logback.core.joran.action.AppenderRefAction - Attaching appender named [standardOut] to Logger[ROOT]
11:27:34,504 |-INFO in ch.qos.logback.classic.joran.action.ConfigurationAction - End of configuration.
11:27:34,504 |-INFO in ch.qos.logback.classic.joran.JoranConfigurator@5939a379 - Registering current configuration as safe fallback point

11:27:35.898 [main] INFO  o.m.print.config.CustomFontLoader - Font java.awt.Font[family=JasperReports Icons,name=JasperReports Icons,style=plain,size=10] from Jasper registered successfully
11:27:35.918 [main] INFO  o.m.print.config.CustomFontLoader - Font java.awt.Font[family=JasperReports Icons,name=JasperReports Icons,style=bold,size=10] from Jasper registered successfully
11:27:35.918 [main] INFO  o.m.print.config.CustomFontLoader - Font java.awt.Font[family=JasperReports Icons,name=JasperReports Icons,style=italic,size=10] from Jasper registered successfully
11:27:35.918 [main] INFO  o.m.print.config.CustomFontLoader - Font java.awt.Font[family=JasperReports Icons,name=JasperReports Icons,style=bolditalic,size=10] from Jasper registered successfully
11:27:35.918 [main] INFO  o.m.print.config.CustomFontLoader - Font java.awt.Font[family=JasperReports Icons,name=JasperReports Icons,style=plain,size=10] from Jasper registered successfully
11:27:35.919 [main] INFO  o.m.print.config.CustomFontLoader - Font java.awt.Font[family=JasperReports Icons,name=JasperReports Icons,style=bold,size=10] from Jasper registered successfully
11:27:35.919 [main] INFO  o.m.print.config.CustomFontLoader - Font java.awt.Font[family=JasperReports Icons,name=JasperReports Icons,style=italic,size=10] from Jasper registered successfully
11:27:35.919 [main] INFO  o.m.print.config.CustomFontLoader - Font java.awt.Font[family=JasperReports Icons,name=JasperReports Icons,style=bolditalic,size=10] from Jasper registered successfully
11:27:37.286 [Clean up old files] INFO  o.m.print.config.WorkingDirectories - deleted 0 old file(s) in /tmp/mapfish-print/default/reports
11:27:37.287 [Clean up old files] INFO  o.m.print.config.WorkingDirectories - deleted 0 old file(s) in /tmp/mapfish-print/default
11:27:37.288 [Clean up old files] INFO  o.m.print.config.WorkingDirectories - deleted 0 old file(s) in /tmp
11:27:39.058 [ForkJoinPool-1-worker-115] INFO  o.m.p.processor.ProcessorGraphNode - Time taken to run processor: 'class org.mapfish.print.processor.jasper.JasperReportBuilder' was 1 ms
11:27:39.121 [ForkJoinPool-1-worker-229] INFO  o.m.print.map.image.wms.WmsLayer - Query the WMS image http://localhost:8088/geoserver/by/wms?FORMAT_OPTIONS=dpi%3A72&TRANSPARENT=true&FORMAT=image%2Fpng&STYLES=&WIDTH=1000&HEIGHT=1000&LAYERS=by%3Agemeinden&REQUEST=GetMap&SRS=EPSG%3A25832&BBOX=689750.4444444445%2C5322441.444444444%2C703861.5555555556%2C5336552.555555555&VERSION=1.1.1&SERVICE=WMS.
11:27:40.797 [ForkJoinPool-1-worker-229] INFO  o.m.p.processor.ProcessorGraphNode - Time taken to run processor: 'class org.mapfish.print.processor.map.CreateMapProcessor' was 1740 ms
11:27:40.967 [ForkJoinPool-1-worker-229] INFO  o.m.p.processor.ProcessorGraphNode - Time taken to run processor: 'class org.mapfish.print.processor.map.CreateNorthArrowProcessor' was 168 ms

Deprecated Gradle features were used in this build, making it incompatible with Gradle 7.0.
Use '--warning-mode all' to show the individual deprecation warnings.
See https://docs.gradle.org/6.6/userguide/command_line_interface.html#sec:command_line_warnings

BUILD SUCCESSFUL in 9s
3 actionable tasks: 1 executed, 2 up-to-date
