> Task :core:compileJava UP-TO-DATE
> Task :core:processResources UP-TO-DATE
> Task :core:classes UP-TO-DATE

> Task :core:print
22:30:03,344 |-INFO in ch.qos.logback.classic.LoggerContext[default] - Could NOT find resource [logback-test.xml]
22:30:03,345 |-INFO in ch.qos.logback.classic.LoggerContext[default] - Could NOT find resource [logback.groovy]
22:30:03,346 |-INFO in ch.qos.logback.classic.LoggerContext[default] - Found resource [logback.xml] at [file:/home/bhoefling/dev/mfp/mapfish-print/core/build/resources/main/logback.xml]
22:30:03,460 |-INFO in ch.qos.logback.classic.joran.action.ConfigurationAction - debug attribute not set
22:30:03,463 |-INFO in ch.qos.logback.core.joran.action.AppenderAction - About to instantiate appender of type [ch.qos.logback.core.ConsoleAppender]
22:30:03,467 |-INFO in ch.qos.logback.core.joran.action.AppenderAction - Naming appender as [standardOut]
22:30:03,470 |-INFO in ch.qos.logback.core.joran.action.NestedComplexPropertyIA - Assuming default type [ch.qos.logback.classic.encoder.PatternLayoutEncoder] for [encoder] property
22:30:03,519 |-INFO in ch.qos.logback.classic.joran.action.LoggerAction - Setting level of logger [org.mapfish] to WARN
22:30:03,519 |-INFO in ch.qos.logback.classic.joran.action.LoggerAction - Setting level of logger [com.codahale] to WARN
22:30:03,519 |-INFO in ch.qos.logback.classic.joran.action.LoggerAction - Setting level of logger [org.springframework] to WARN
22:30:03,519 |-INFO in ch.qos.logback.classic.joran.action.LoggerAction - Setting level of logger [org.apache] to WARN
22:30:03,519 |-INFO in ch.qos.logback.classic.joran.action.LoggerAction - Setting level of logger [org.hibernate] to WARN
22:30:03,519 |-INFO in ch.qos.logback.classic.joran.action.RootLoggerAction - Setting level of ROOT logger to INFO
22:30:03,519 |-INFO in ch.qos.logback.core.joran.action.AppenderRefAction - Attaching appender named [standardOut] to Logger[ROOT]
22:30:03,519 |-INFO in ch.qos.logback.classic.joran.action.ConfigurationAction - End of configuration.
22:30:03,520 |-INFO in ch.qos.logback.classic.joran.JoranConfigurator@776b83cc - Registering current configuration as safe fallback point
22:30:03,558 |-INFO in ch.qos.logback.classic.joran.action.ConfigurationAction - debug attribute not set
22:30:03,558 |-INFO in ch.qos.logback.core.joran.action.AppenderAction - About to instantiate appender of type [ch.qos.logback.core.ConsoleAppender]
22:30:03,558 |-INFO in ch.qos.logback.core.joran.action.AppenderAction - Naming appender as [standardOut]
22:30:03,559 |-WARN in ch.qos.logback.core.ConsoleAppender[standardOut] - This appender no longer admits a layout as a sub-component, set an encoder instead.
22:30:03,559 |-WARN in ch.qos.logback.core.ConsoleAppender[standardOut] - To ensure compatibility, wrapping your layout in LayoutWrappingEncoder.
22:30:03,559 |-WARN in ch.qos.logback.core.ConsoleAppender[standardOut] - See also http://logback.qos.ch/codes.html#layoutInsteadOfEncoder for details
22:30:03,559 |-INFO in ch.qos.logback.classic.joran.action.LoggerAction - Setting level of logger [org.mapfish] to INFO
22:30:03,559 |-INFO in ch.qos.logback.classic.joran.action.LoggerAction - Setting level of logger [org.mapfish.print.output.ValuesLogger] to OFF
22:30:03,559 |-INFO in ch.qos.logback.classic.joran.action.RootLoggerAction - Setting level of ROOT logger to INFO
22:30:03,559 |-INFO in ch.qos.logback.core.joran.action.AppenderRefAction - Attaching appender named [standardOut] to Logger[ROOT]
22:30:03,559 |-INFO in ch.qos.logback.classic.joran.action.ConfigurationAction - End of configuration.
22:30:03,559 |-INFO in ch.qos.logback.classic.joran.JoranConfigurator@37858383 - Registering current configuration as safe fallback point

22:30:04.569 [main] INFO  o.m.print.config.CustomFontLoader - Font java.awt.Font[family=JasperReports Icons,name=JasperReports Icons,style=plain,size=10] from Jasper registered successfully
22:30:04.580 [main] INFO  o.m.print.config.CustomFontLoader - Font java.awt.Font[family=JasperReports Icons,name=JasperReports Icons,style=bold,size=10] from Jasper registered successfully
22:30:04.580 [main] INFO  o.m.print.config.CustomFontLoader - Font java.awt.Font[family=JasperReports Icons,name=JasperReports Icons,style=italic,size=10] from Jasper registered successfully
22:30:04.580 [main] INFO  o.m.print.config.CustomFontLoader - Font java.awt.Font[family=JasperReports Icons,name=JasperReports Icons,style=bolditalic,size=10] from Jasper registered successfully
22:30:04.580 [main] INFO  o.m.print.config.CustomFontLoader - Font java.awt.Font[family=JasperReports Icons,name=JasperReports Icons,style=plain,size=10] from Jasper registered successfully
22:30:04.580 [main] INFO  o.m.print.config.CustomFontLoader - Font java.awt.Font[family=JasperReports Icons,name=JasperReports Icons,style=bold,size=10] from Jasper registered successfully
22:30:04.580 [main] INFO  o.m.print.config.CustomFontLoader - Font java.awt.Font[family=JasperReports Icons,name=JasperReports Icons,style=italic,size=10] from Jasper registered successfully
22:30:04.580 [main] INFO  o.m.print.config.CustomFontLoader - Font java.awt.Font[family=JasperReports Icons,name=JasperReports Icons,style=bolditalic,size=10] from Jasper registered successfully
22:30:05.430 [Clean up old files] INFO  o.m.print.config.WorkingDirectories - deleted 0 old file(s) in /tmp/mapfish-print/default/reports
22:30:05.430 [Clean up old files] INFO  o.m.print.config.WorkingDirectories - deleted 0 old file(s) in /tmp/mapfish-print/default
22:30:05.431 [Clean up old files] INFO  o.m.print.config.WorkingDirectories - deleted 0 old file(s) in /tmp
22:30:06.351 [ForkJoinPool-1-worker-115] INFO  o.m.p.processor.ProcessorGraphNode - Time taken to run processor: 'class org.mapfish.print.processor.jasper.JasperReportBuilder' was 1 ms
22:30:06.352 [ForkJoinPool-1-worker-229] INFO  o.m.p.p.map.SetTiledWmsProcessor - Converting layer http://localhost:8088/geoserver/by/wms[by:gemeinden] into a tiled WMS layer with tileSize=195x165
22:30:06.358 [ForkJoinPool-1-worker-229] INFO  o.m.p.processor.ProcessorGraphNode - Time taken to run processor: 'class org.mapfish.print.processor.map.SetTiledWmsProcessor' was 7 ms
22:30:06.379 [ForkJoinPool-1-worker-229] INFO  o.m.p.map.tiled.wms.TiledWmsLayer - Tiled WMS query: http://localhost:8088/geoserver/by/wms?FORMAT_OPTIONS=dpi%3A72&TRANSPARENT=true&FORMAT=image%2Fpng&STYLES=&WIDTH=315&HEIGHT=285&LAYERS=by%3Agemeinden&REQUEST=GetMap&SRS=EPSG%3A4326&BBOX=-135.3846153846154%2C14.615384615384615%2C-107.11538461538461%2C40.19230769230769&VERSION=1.1.1&SERVICE=WMS
22:30:06.396 [ForkJoinPool-1-worker-229] INFO  o.m.p.map.tiled.wms.TiledWmsLayer - Tiled WMS query: http://localhost:8088/geoserver/by/wms?FORMAT_OPTIONS=dpi%3A72&TRANSPARENT=true&FORMAT=image%2Fpng&STYLES=&WIDTH=315&HEIGHT=285&LAYERS=by%3Agemeinden&REQUEST=GetMap&SRS=EPSG%3A4326&BBOX=-117.88461538461539%2C14.615384615384615%2C-89.61538461538461%2C40.19230769230769&VERSION=1.1.1&SERVICE=WMS
22:30:06.398 [ForkJoinPool-1-worker-229] INFO  o.m.p.map.tiled.wms.TiledWmsLayer - Tiled WMS query: http://localhost:8088/geoserver/by/wms?FORMAT_OPTIONS=dpi%3A72&TRANSPARENT=true&FORMAT=image%2Fpng&STYLES=&WIDTH=315&HEIGHT=285&LAYERS=by%3Agemeinden&REQUEST=GetMap&SRS=EPSG%3A4326&BBOX=-100.38461538461539%2C14.615384615384615%2C-72.11538461538461%2C40.19230769230769&VERSION=1.1.1&SERVICE=WMS
22:30:06.402 [ForkJoinPool-1-worker-229] INFO  o.m.p.map.tiled.wms.TiledWmsLayer - Tiled WMS query: http://localhost:8088/geoserver/by/wms?FORMAT_OPTIONS=dpi%3A72&TRANSPARENT=true&FORMAT=image%2Fpng&STYLES=&WIDTH=255&HEIGHT=285&LAYERS=by%3Agemeinden&REQUEST=GetMap&SRS=EPSG%3A4326&BBOX=-82.88461538461539%2C14.615384615384615%2C-60.0%2C40.19230769230769&VERSION=1.1.1&SERVICE=WMS
22:30:06.405 [ForkJoinPool-1-worker-229] INFO  o.m.p.map.tiled.wms.TiledWmsLayer - Tiled WMS query: http://localhost:8088/geoserver/by/wms?FORMAT_OPTIONS=dpi%3A72&TRANSPARENT=true&FORMAT=image%2Fpng&STYLES=&WIDTH=315&HEIGHT=285&LAYERS=by%3Agemeinden&REQUEST=GetMap&SRS=EPSG%3A4326&BBOX=-135.3846153846154%2C29.42307692307692%2C-107.11538461538461%2C55.0&VERSION=1.1.1&SERVICE=WMS
22:30:06.407 [ForkJoinPool-1-worker-229] INFO  o.m.p.map.tiled.wms.TiledWmsLayer - Tiled WMS query: http://localhost:8088/geoserver/by/wms?FORMAT_OPTIONS=dpi%3A72&TRANSPARENT=true&FORMAT=image%2Fpng&STYLES=&WIDTH=315&HEIGHT=285&LAYERS=by%3Agemeinden&REQUEST=GetMap&SRS=EPSG%3A4326&BBOX=-117.88461538461539%2C29.42307692307692%2C-89.61538461538461%2C55.0&VERSION=1.1.1&SERVICE=WMS
22:30:06.409 [ForkJoinPool-1-worker-229] INFO  o.m.p.map.tiled.wms.TiledWmsLayer - Tiled WMS query: http://localhost:8088/geoserver/by/wms?FORMAT_OPTIONS=dpi%3A72&TRANSPARENT=true&FORMAT=image%2Fpng&STYLES=&WIDTH=315&HEIGHT=285&LAYERS=by%3Agemeinden&REQUEST=GetMap&SRS=EPSG%3A4326&BBOX=-100.38461538461539%2C29.42307692307692%2C-72.11538461538461%2C55.0&VERSION=1.1.1&SERVICE=WMS
22:30:06.411 [ForkJoinPool-1-worker-229] INFO  o.m.p.map.tiled.wms.TiledWmsLayer - Tiled WMS query: http://localhost:8088/geoserver/by/wms?FORMAT_OPTIONS=dpi%3A72&TRANSPARENT=true&FORMAT=image%2Fpng&STYLES=&WIDTH=255&HEIGHT=285&LAYERS=by%3Agemeinden&REQUEST=GetMap&SRS=EPSG%3A4326&BBOX=-82.88461538461539%2C29.42307692307692%2C-60.0%2C55.0&VERSION=1.1.1&SERVICE=WMS
22:30:06.413 [ForkJoinPool-1-worker-229] INFO  o.m.p.map.tiled.wms.TiledWmsLayer - Tiled WMS query: http://localhost:8088/geoserver/by/wms?FORMAT_OPTIONS=dpi%3A72&TRANSPARENT=true&FORMAT=image%2Fpng&STYLES=&WIDTH=315&HEIGHT=285&LAYERS=by%3Agemeinden&REQUEST=GetMap&SRS=EPSG%3A4326&BBOX=-135.3846153846154%2C44.230769230769226%2C-107.11538461538461%2C69.8076923076923&VERSION=1.1.1&SERVICE=WMS
22:30:06.415 [ForkJoinPool-1-worker-229] INFO  o.m.p.map.tiled.wms.TiledWmsLayer - Tiled WMS query: http://localhost:8088/geoserver/by/wms?FORMAT_OPTIONS=dpi%3A72&TRANSPARENT=true&FORMAT=image%2Fpng&STYLES=&WIDTH=315&HEIGHT=285&LAYERS=by%3Agemeinden&REQUEST=GetMap&SRS=EPSG%3A4326&BBOX=-117.88461538461539%2C44.230769230769226%2C-89.61538461538461%2C69.8076923076923&VERSION=1.1.1&SERVICE=WMS
22:30:06.417 [ForkJoinPool-1-worker-229] INFO  o.m.p.map.tiled.wms.TiledWmsLayer - Tiled WMS query: http://localhost:8088/geoserver/by/wms?FORMAT_OPTIONS=dpi%3A72&TRANSPARENT=true&FORMAT=image%2Fpng&STYLES=&WIDTH=315&HEIGHT=285&LAYERS=by%3Agemeinden&REQUEST=GetMap&SRS=EPSG%3A4326&BBOX=-100.38461538461539%2C44.230769230769226%2C-72.11538461538461%2C69.8076923076923&VERSION=1.1.1&SERVICE=WMS
22:30:06.421 [ForkJoinPool-1-worker-229] INFO  o.m.p.map.tiled.wms.TiledWmsLayer - Tiled WMS query: http://localhost:8088/geoserver/by/wms?FORMAT_OPTIONS=dpi%3A72&TRANSPARENT=true&FORMAT=image%2Fpng&STYLES=&WIDTH=255&HEIGHT=285&LAYERS=by%3Agemeinden&REQUEST=GetMap&SRS=EPSG%3A4326&BBOX=-82.88461538461539%2C44.230769230769226%2C-60.0%2C69.8076923076923&VERSION=1.1.1&SERVICE=WMS
22:30:08.208 [ForkJoinPool-1-worker-229] INFO  o.m.p.processor.ProcessorGraphNode - Time taken to run processor: 'class org.mapfish.print.processor.map.CreateMapProcessor' was 1850 ms

> Task :core:print FAILED

Deprecated Gradle features were used in this build, making it incompatible with Gradle 7.0.
Use '--warning-mode all' to show the individual deprecation warnings.
See https://docs.gradle.org/6.6/userguide/command_line_interface.html#sec:command_line_warnings
3 actionable tasks: 1 executed, 2 up-to-date
