> Task :core:compileJava UP-TO-DATE
> Task :core:processResources UP-TO-DATE
> Task :core:classes UP-TO-DATE

> Task :core:print
08:06:05,657 |-INFO in ch.qos.logback.classic.LoggerContext[default] - Could NOT find resource [logback-test.xml]
08:06:05,658 |-INFO in ch.qos.logback.classic.LoggerContext[default] - Could NOT find resource [logback.groovy]
08:06:05,659 |-INFO in ch.qos.logback.classic.LoggerContext[default] - Found resource [logback.xml] at [file:/home/bhoefling/dev/mfp/mapfish-print/core/build/resources/main/logback.xml]
08:06:05,742 |-INFO in ch.qos.logback.classic.joran.action.ConfigurationAction - debug attribute not set
08:06:05,746 |-INFO in ch.qos.logback.core.joran.action.AppenderAction - About to instantiate appender of type [ch.qos.logback.core.ConsoleAppender]
08:06:05,751 |-INFO in ch.qos.logback.core.joran.action.AppenderAction - Naming appender as [standardOut]
08:06:05,762 |-INFO in ch.qos.logback.core.joran.action.NestedComplexPropertyIA - Assuming default type [ch.qos.logback.classic.encoder.PatternLayoutEncoder] for [encoder] property
08:06:05,807 |-INFO in ch.qos.logback.classic.joran.action.LoggerAction - Setting level of logger [org.mapfish] to WARN
08:06:05,807 |-INFO in ch.qos.logback.classic.joran.action.LoggerAction - Setting level of logger [com.codahale] to WARN
08:06:05,807 |-INFO in ch.qos.logback.classic.joran.action.LoggerAction - Setting level of logger [org.springframework] to WARN
08:06:05,807 |-INFO in ch.qos.logback.classic.joran.action.LoggerAction - Setting level of logger [org.apache] to WARN
08:06:05,807 |-INFO in ch.qos.logback.classic.joran.action.LoggerAction - Setting level of logger [org.hibernate] to WARN
08:06:05,808 |-INFO in ch.qos.logback.classic.joran.action.RootLoggerAction - Setting level of ROOT logger to INFO
08:06:05,808 |-INFO in ch.qos.logback.core.joran.action.AppenderRefAction - Attaching appender named [standardOut] to Logger[ROOT]
08:06:05,808 |-INFO in ch.qos.logback.classic.joran.action.ConfigurationAction - End of configuration.
08:06:05,809 |-INFO in ch.qos.logback.classic.joran.JoranConfigurator@5136d012 - Registering current configuration as safe fallback point
08:06:05,854 |-INFO in ch.qos.logback.classic.joran.action.ConfigurationAction - debug attribute not set
08:06:05,854 |-INFO in ch.qos.logback.core.joran.action.AppenderAction - About to instantiate appender of type [ch.qos.logback.core.ConsoleAppender]
08:06:05,854 |-INFO in ch.qos.logback.core.joran.action.AppenderAction - Naming appender as [standardOut]
08:06:05,856 |-WARN in ch.qos.logback.core.ConsoleAppender[standardOut] - This appender no longer admits a layout as a sub-component, set an encoder instead.
08:06:05,856 |-WARN in ch.qos.logback.core.ConsoleAppender[standardOut] - To ensure compatibility, wrapping your layout in LayoutWrappingEncoder.
08:06:05,856 |-WARN in ch.qos.logback.core.ConsoleAppender[standardOut] - See also http://logback.qos.ch/codes.html#layoutInsteadOfEncoder for details
08:06:05,856 |-INFO in ch.qos.logback.classic.joran.action.LoggerAction - Setting level of logger [org.mapfish] to INFO
08:06:05,856 |-INFO in ch.qos.logback.classic.joran.action.LoggerAction - Setting level of logger [org.mapfish.print.output.ValuesLogger] to OFF
08:06:05,856 |-INFO in ch.qos.logback.classic.joran.action.RootLoggerAction - Setting level of ROOT logger to INFO
08:06:05,856 |-INFO in ch.qos.logback.core.joran.action.AppenderRefAction - Attaching appender named [standardOut] to Logger[ROOT]
08:06:05,856 |-INFO in ch.qos.logback.classic.joran.action.ConfigurationAction - End of configuration.
08:06:05,856 |-INFO in ch.qos.logback.classic.joran.JoranConfigurator@5939a379 - Registering current configuration as safe fallback point

08:06:06.722 [main] INFO  o.m.print.config.CustomFontLoader - Font java.awt.Font[family=JasperReports Icons,name=JasperReports Icons,style=plain,size=10] from Jasper registered successfully
08:06:06.734 [main] INFO  o.m.print.config.CustomFontLoader - Font java.awt.Font[family=JasperReports Icons,name=JasperReports Icons,style=bold,size=10] from Jasper registered successfully
08:06:06.734 [main] INFO  o.m.print.config.CustomFontLoader - Font java.awt.Font[family=JasperReports Icons,name=JasperReports Icons,style=italic,size=10] from Jasper registered successfully
08:06:06.735 [main] INFO  o.m.print.config.CustomFontLoader - Font java.awt.Font[family=JasperReports Icons,name=JasperReports Icons,style=bolditalic,size=10] from Jasper registered successfully
08:06:06.735 [main] INFO  o.m.print.config.CustomFontLoader - Font java.awt.Font[family=JasperReports Icons,name=JasperReports Icons,style=plain,size=10] from Jasper registered successfully
08:06:06.735 [main] INFO  o.m.print.config.CustomFontLoader - Font java.awt.Font[family=JasperReports Icons,name=JasperReports Icons,style=bold,size=10] from Jasper registered successfully
08:06:06.735 [main] INFO  o.m.print.config.CustomFontLoader - Font java.awt.Font[family=JasperReports Icons,name=JasperReports Icons,style=italic,size=10] from Jasper registered successfully
08:06:06.735 [main] INFO  o.m.print.config.CustomFontLoader - Font java.awt.Font[family=JasperReports Icons,name=JasperReports Icons,style=bolditalic,size=10] from Jasper registered successfully
08:06:07.487 [Clean up old files] INFO  o.m.print.config.WorkingDirectories - deleted 0 old file(s) in /tmp/mapfish-print/default/reports
08:06:07.487 [Clean up old files] INFO  o.m.print.config.WorkingDirectories - deleted 0 old file(s) in /tmp/mapfish-print/default
08:06:07.488 [Clean up old files] INFO  o.m.print.config.WorkingDirectories - deleted 0 old file(s) in /tmp
08:06:08.521 [ForkJoinPool-1-worker-115] INFO  o.m.p.processor.ProcessorGraphNode - Time taken to run processor: 'class org.mapfish.print.processor.jasper.JasperReportBuilder' was 0 ms
08:06:08.521 [ForkJoinPool-1-worker-229] INFO  o.m.p.p.map.SetTiledWmsProcessor - Converting layer http://localhost:8088/geoserver/by/wms[by:gemeinden] into a tiled WMS layer with tileSize=250x250
08:06:08.527 [ForkJoinPool-1-worker-229] INFO  o.m.p.processor.ProcessorGraphNode - Time taken to run processor: 'class org.mapfish.print.processor.map.SetTiledWmsProcessor' was 7 ms
08:06:08.545 [ForkJoinPool-1-worker-229] INFO  o.m.p.map.tiled.wms.TiledWmsLayer - Tiled WMS query: http://localhost:8088/geoserver/by/wms?FORMAT_OPTIONS=dpi%3A72&TRANSPARENT=true&FORMAT=image%2Fpng&STYLES=&WIDTH=260&HEIGHT=260&LAYERS=by%3Agemeinden&REQUEST=GetMap&SRS=EPSG%3A25832&BBOX=689679.888888889%2C5322370.888888888%2C693348.7777777778%2C5326039.777777778&VERSION=1.1.1&SERVICE=WMS
08:06:08.559 [ForkJoinPool-1-worker-229] INFO  o.m.p.map.tiled.wms.TiledWmsLayer - Tiled WMS query: http://localhost:8088/geoserver/by/wms?FORMAT_OPTIONS=dpi%3A72&TRANSPARENT=true&FORMAT=image%2Fpng&STYLES=&WIDTH=260&HEIGHT=260&LAYERS=by%3Agemeinden&REQUEST=GetMap&SRS=EPSG%3A25832&BBOX=693207.6666666667%2C5322370.888888888%2C696876.5555555555%2C5326039.777777778&VERSION=1.1.1&SERVICE=WMS
08:06:08.563 [ForkJoinPool-1-worker-229] INFO  o.m.p.map.tiled.wms.TiledWmsLayer - Tiled WMS query: http://localhost:8088/geoserver/by/wms?FORMAT_OPTIONS=dpi%3A72&TRANSPARENT=true&FORMAT=image%2Fpng&STYLES=&WIDTH=260&HEIGHT=260&LAYERS=by%3Agemeinden&REQUEST=GetMap&SRS=EPSG%3A25832&BBOX=696735.4444444445%2C5322370.888888888%2C700404.3333333333%2C5326039.777777778&VERSION=1.1.1&SERVICE=WMS
08:06:08.566 [ForkJoinPool-1-worker-229] INFO  o.m.p.map.tiled.wms.TiledWmsLayer - Tiled WMS query: http://localhost:8088/geoserver/by/wms?FORMAT_OPTIONS=dpi%3A72&TRANSPARENT=true&FORMAT=image%2Fpng&STYLES=&WIDTH=255&HEIGHT=260&LAYERS=by%3Agemeinden&REQUEST=GetMap&SRS=EPSG%3A25832&BBOX=700263.2222222222%2C5322370.888888888%2C703861.5555555556%2C5326039.777777778&VERSION=1.1.1&SERVICE=WMS
08:06:08.570 [ForkJoinPool-1-worker-229] INFO  o.m.p.map.tiled.wms.TiledWmsLayer - Tiled WMS query: http://localhost:8088/geoserver/by/wms?FORMAT_OPTIONS=dpi%3A72&TRANSPARENT=true&FORMAT=image%2Fpng&STYLES=&WIDTH=5&HEIGHT=260&LAYERS=by%3Agemeinden&REQUEST=GetMap&SRS=EPSG%3A25832&BBOX=703791.0%2C5322370.888888888%2C703861.5555555556%2C5326039.777777778&VERSION=1.1.1&SERVICE=WMS
08:06:08.572 [ForkJoinPool-1-worker-229] INFO  o.m.p.map.tiled.wms.TiledWmsLayer - Tiled WMS query: http://localhost:8088/geoserver/by/wms?FORMAT_OPTIONS=dpi%3A72&TRANSPARENT=true&FORMAT=image%2Fpng&STYLES=&WIDTH=260&HEIGHT=260&LAYERS=by%3Agemeinden&REQUEST=GetMap&SRS=EPSG%3A25832&BBOX=689679.888888889%2C5325898.666666666%2C693348.7777777778%2C5329567.555555556&VERSION=1.1.1&SERVICE=WMS
08:06:08.576 [ForkJoinPool-1-worker-229] INFO  o.m.p.map.tiled.wms.TiledWmsLayer - Tiled WMS query: http://localhost:8088/geoserver/by/wms?FORMAT_OPTIONS=dpi%3A72&TRANSPARENT=true&FORMAT=image%2Fpng&STYLES=&WIDTH=260&HEIGHT=260&LAYERS=by%3Agemeinden&REQUEST=GetMap&SRS=EPSG%3A25832&BBOX=693207.6666666667%2C5325898.666666666%2C696876.5555555555%2C5329567.555555556&VERSION=1.1.1&SERVICE=WMS
08:06:08.583 [ForkJoinPool-1-worker-229] INFO  o.m.p.map.tiled.wms.TiledWmsLayer - Tiled WMS query: http://localhost:8088/geoserver/by/wms?FORMAT_OPTIONS=dpi%3A72&TRANSPARENT=true&FORMAT=image%2Fpng&STYLES=&WIDTH=260&HEIGHT=260&LAYERS=by%3Agemeinden&REQUEST=GetMap&SRS=EPSG%3A25832&BBOX=696735.4444444445%2C5325898.666666666%2C700404.3333333333%2C5329567.555555556&VERSION=1.1.1&SERVICE=WMS
08:06:08.587 [ForkJoinPool-1-worker-229] INFO  o.m.p.map.tiled.wms.TiledWmsLayer - Tiled WMS query: http://localhost:8088/geoserver/by/wms?FORMAT_OPTIONS=dpi%3A72&TRANSPARENT=true&FORMAT=image%2Fpng&STYLES=&WIDTH=255&HEIGHT=260&LAYERS=by%3Agemeinden&REQUEST=GetMap&SRS=EPSG%3A25832&BBOX=700263.2222222222%2C5325898.666666666%2C703861.5555555556%2C5329567.555555556&VERSION=1.1.1&SERVICE=WMS
08:06:08.593 [ForkJoinPool-1-worker-229] INFO  o.m.p.map.tiled.wms.TiledWmsLayer - Tiled WMS query: http://localhost:8088/geoserver/by/wms?FORMAT_OPTIONS=dpi%3A72&TRANSPARENT=true&FORMAT=image%2Fpng&STYLES=&WIDTH=5&HEIGHT=260&LAYERS=by%3Agemeinden&REQUEST=GetMap&SRS=EPSG%3A25832&BBOX=703791.0%2C5325898.666666666%2C703861.5555555556%2C5329567.555555556&VERSION=1.1.1&SERVICE=WMS
08:06:08.595 [ForkJoinPool-1-worker-229] INFO  o.m.p.map.tiled.wms.TiledWmsLayer - Tiled WMS query: http://localhost:8088/geoserver/by/wms?FORMAT_OPTIONS=dpi%3A72&TRANSPARENT=true&FORMAT=image%2Fpng&STYLES=&WIDTH=260&HEIGHT=260&LAYERS=by%3Agemeinden&REQUEST=GetMap&SRS=EPSG%3A25832&BBOX=689679.888888889%2C5329426.444444444%2C693348.7777777778%2C5333095.333333334&VERSION=1.1.1&SERVICE=WMS
08:06:08.602 [ForkJoinPool-1-worker-229] INFO  o.m.p.map.tiled.wms.TiledWmsLayer - Tiled WMS query: http://localhost:8088/geoserver/by/wms?FORMAT_OPTIONS=dpi%3A72&TRANSPARENT=true&FORMAT=image%2Fpng&STYLES=&WIDTH=260&HEIGHT=260&LAYERS=by%3Agemeinden&REQUEST=GetMap&SRS=EPSG%3A25832&BBOX=693207.6666666667%2C5329426.444444444%2C696876.5555555555%2C5333095.333333334&VERSION=1.1.1&SERVICE=WMS
08:06:08.606 [ForkJoinPool-1-worker-229] INFO  o.m.p.map.tiled.wms.TiledWmsLayer - Tiled WMS query: http://localhost:8088/geoserver/by/wms?FORMAT_OPTIONS=dpi%3A72&TRANSPARENT=true&FORMAT=image%2Fpng&STYLES=&WIDTH=260&HEIGHT=260&LAYERS=by%3Agemeinden&REQUEST=GetMap&SRS=EPSG%3A25832&BBOX=696735.4444444445%2C5329426.444444444%2C700404.3333333333%2C5333095.333333334&VERSION=1.1.1&SERVICE=WMS
08:06:08.608 [ForkJoinPool-1-worker-229] INFO  o.m.p.map.tiled.wms.TiledWmsLayer - Tiled WMS query: http://localhost:8088/geoserver/by/wms?FORMAT_OPTIONS=dpi%3A72&TRANSPARENT=true&FORMAT=image%2Fpng&STYLES=&WIDTH=255&HEIGHT=260&LAYERS=by%3Agemeinden&REQUEST=GetMap&SRS=EPSG%3A25832&BBOX=700263.2222222222%2C5329426.444444444%2C703861.5555555556%2C5333095.333333334&VERSION=1.1.1&SERVICE=WMS
08:06:08.615 [ForkJoinPool-1-worker-229] INFO  o.m.p.map.tiled.wms.TiledWmsLayer - Tiled WMS query: http://localhost:8088/geoserver/by/wms?FORMAT_OPTIONS=dpi%3A72&TRANSPARENT=true&FORMAT=image%2Fpng&STYLES=&WIDTH=5&HEIGHT=260&LAYERS=by%3Agemeinden&REQUEST=GetMap&SRS=EPSG%3A25832&BBOX=703791.0%2C5329426.444444444%2C703861.5555555556%2C5333095.333333334&VERSION=1.1.1&SERVICE=WMS
08:06:08.633 [ForkJoinPool-1-worker-229] INFO  o.m.p.map.tiled.wms.TiledWmsLayer - Tiled WMS query: http://localhost:8088/geoserver/by/wms?FORMAT_OPTIONS=dpi%3A72&TRANSPARENT=true&FORMAT=image%2Fpng&STYLES=&WIDTH=260&HEIGHT=260&LAYERS=by%3Agemeinden&REQUEST=GetMap&SRS=EPSG%3A25832&BBOX=689679.888888889%2C5332954.222222222%2C693348.7777777778%2C5336623.111111112&VERSION=1.1.1&SERVICE=WMS
08:06:08.655 [ForkJoinPool-1-worker-229] INFO  o.m.p.map.tiled.wms.TiledWmsLayer - Tiled WMS query: http://localhost:8088/geoserver/by/wms?FORMAT_OPTIONS=dpi%3A72&TRANSPARENT=true&FORMAT=image%2Fpng&STYLES=&WIDTH=260&HEIGHT=260&LAYERS=by%3Agemeinden&REQUEST=GetMap&SRS=EPSG%3A25832&BBOX=693207.6666666667%2C5332954.222222222%2C696876.5555555555%2C5336623.111111112&VERSION=1.1.1&SERVICE=WMS
08:06:08.658 [ForkJoinPool-1-worker-229] INFO  o.m.p.map.tiled.wms.TiledWmsLayer - Tiled WMS query: http://localhost:8088/geoserver/by/wms?FORMAT_OPTIONS=dpi%3A72&TRANSPARENT=true&FORMAT=image%2Fpng&STYLES=&WIDTH=260&HEIGHT=260&LAYERS=by%3Agemeinden&REQUEST=GetMap&SRS=EPSG%3A25832&BBOX=696735.4444444445%2C5332954.222222222%2C700404.3333333333%2C5336623.111111112&VERSION=1.1.1&SERVICE=WMS
08:06:08.662 [ForkJoinPool-1-worker-229] INFO  o.m.p.map.tiled.wms.TiledWmsLayer - Tiled WMS query: http://localhost:8088/geoserver/by/wms?FORMAT_OPTIONS=dpi%3A72&TRANSPARENT=true&FORMAT=image%2Fpng&STYLES=&WIDTH=255&HEIGHT=260&LAYERS=by%3Agemeinden&REQUEST=GetMap&SRS=EPSG%3A25832&BBOX=700263.2222222222%2C5332954.222222222%2C703861.5555555556%2C5336623.111111112&VERSION=1.1.1&SERVICE=WMS
08:06:08.665 [ForkJoinPool-1-worker-229] INFO  o.m.p.map.tiled.wms.TiledWmsLayer - Tiled WMS query: http://localhost:8088/geoserver/by/wms?FORMAT_OPTIONS=dpi%3A72&TRANSPARENT=true&FORMAT=image%2Fpng&STYLES=&WIDTH=5&HEIGHT=260&LAYERS=by%3Agemeinden&REQUEST=GetMap&SRS=EPSG%3A25832&BBOX=703791.0%2C5332954.222222222%2C703861.5555555556%2C5336623.111111112&VERSION=1.1.1&SERVICE=WMS
08:06:08.785 [ForkJoinPool-1-worker-229] INFO  o.m.p.processor.ProcessorGraphNode - Error while executing process: CreateMapProcessor
08:06:08.799 [ForkJoinPool-1-worker-229] INFO  o.m.p.processor.ProcessorGraphNode - Time taken to run processor: 'class org.mapfish.print.processor.map.CreateMapProcessor' was 271 ms
08:06:08.825 [ForkJoinPool-2-worker-5] INFO  o.a.http.impl.execchain.RetryExec - I/O exception (java.net.SocketException) caught when processing request to {}->http://localhost:8088: Socket closed
08:06:08.826 [ForkJoinPool-2-worker-5] INFO  o.a.http.impl.execchain.RetryExec - Retrying request to {}->http://localhost:8088
08:06:08.827 [ForkJoinPool-2-worker-41] INFO  o.a.http.impl.execchain.RetryExec - I/O exception (org.apache.http.ConnectionClosedException) caught when processing request to {}->http://localhost:8088: Connection is closed
08:06:08.827 [ForkJoinPool-2-worker-41] INFO  o.a.http.impl.execchain.RetryExec - Retrying request to {}->http://localhost:8088

> Task :core:print FAILED

Deprecated Gradle features were used in this build, making it incompatible with Gradle 7.0.
Use '--warning-mode all' to show the individual deprecation warnings.
See https://docs.gradle.org/6.6/userguide/command_line_interface.html#sec:command_line_warnings
3 actionable tasks: 1 executed, 2 up-to-date
