Starting a Gradle Daemon (subsequent builds will be faster)
> Task :core:compileJava UP-TO-DATE
> Task :core:processResources UP-TO-DATE
> Task :core:classes UP-TO-DATE

> Task :core:print
11:21:15,054 |-INFO in ch.qos.logback.classic.LoggerContext[default] - Could NOT find resource [logback-test.xml]
11:21:15,055 |-INFO in ch.qos.logback.classic.LoggerContext[default] - Could NOT find resource [logback.groovy]
11:21:15,056 |-INFO in ch.qos.logback.classic.LoggerContext[default] - Found resource [logback.xml] at [file:/home/bhoefling/dev/mfp/mapfish-print/core/build/resources/main/logback.xml]
11:21:15,185 |-INFO in ch.qos.logback.classic.joran.action.ConfigurationAction - debug attribute not set
11:21:15,190 |-INFO in ch.qos.logback.core.joran.action.AppenderAction - About to instantiate appender of type [ch.qos.logback.core.ConsoleAppender]
11:21:15,197 |-INFO in ch.qos.logback.core.joran.action.AppenderAction - Naming appender as [standardOut]
11:21:15,214 |-INFO in ch.qos.logback.core.joran.action.NestedComplexPropertyIA - Assuming default type [ch.qos.logback.classic.encoder.PatternLayoutEncoder] for [encoder] property
11:21:15,262 |-INFO in ch.qos.logback.classic.joran.action.LoggerAction - Setting level of logger [org.mapfish] to WARN
11:21:15,262 |-INFO in ch.qos.logback.classic.joran.action.LoggerAction - Setting level of logger [com.codahale] to WARN
11:21:15,262 |-INFO in ch.qos.logback.classic.joran.action.LoggerAction - Setting level of logger [org.springframework] to WARN
11:21:15,262 |-INFO in ch.qos.logback.classic.joran.action.LoggerAction - Setting level of logger [org.apache] to WARN
11:21:15,262 |-INFO in ch.qos.logback.classic.joran.action.LoggerAction - Setting level of logger [org.hibernate] to WARN
11:21:15,262 |-INFO in ch.qos.logback.classic.joran.action.RootLoggerAction - Setting level of ROOT logger to INFO
11:21:15,262 |-INFO in ch.qos.logback.core.joran.action.AppenderRefAction - Attaching appender named [standardOut] to Logger[ROOT]
11:21:15,263 |-INFO in ch.qos.logback.classic.joran.action.ConfigurationAction - End of configuration.
11:21:15,265 |-INFO in ch.qos.logback.classic.joran.JoranConfigurator@5136d012 - Registering current configuration as safe fallback point
11:21:15,324 |-INFO in ch.qos.logback.classic.joran.action.ConfigurationAction - debug attribute not set
11:21:15,324 |-INFO in ch.qos.logback.core.joran.action.AppenderAction - About to instantiate appender of type [ch.qos.logback.core.ConsoleAppender]
11:21:15,324 |-INFO in ch.qos.logback.core.joran.action.AppenderAction - Naming appender as [standardOut]
11:21:15,327 |-WARN in ch.qos.logback.core.ConsoleAppender[standardOut] - This appender no longer admits a layout as a sub-component, set an encoder instead.
11:21:15,327 |-WARN in ch.qos.logback.core.ConsoleAppender[standardOut] - To ensure compatibility, wrapping your layout in LayoutWrappingEncoder.
11:21:15,327 |-WARN in ch.qos.logback.core.ConsoleAppender[standardOut] - See also http://logback.qos.ch/codes.html#layoutInsteadOfEncoder for details
11:21:15,327 |-INFO in ch.qos.logback.classic.joran.action.LoggerAction - Setting level of logger [org.mapfish] to INFO
11:21:15,327 |-INFO in ch.qos.logback.classic.joran.action.LoggerAction - Setting level of logger [org.mapfish.print.output.ValuesLogger] to OFF
11:21:15,327 |-INFO in ch.qos.logback.classic.joran.action.RootLoggerAction - Setting level of ROOT logger to INFO
11:21:15,327 |-INFO in ch.qos.logback.core.joran.action.AppenderRefAction - Attaching appender named [standardOut] to Logger[ROOT]
11:21:15,327 |-INFO in ch.qos.logback.classic.joran.action.ConfigurationAction - End of configuration.
11:21:15,327 |-INFO in ch.qos.logback.classic.joran.JoranConfigurator@5939a379 - Registering current configuration as safe fallback point

11:21:16.943 [main] INFO  o.m.print.config.CustomFontLoader - Font java.awt.Font[family=JasperReports Icons,name=JasperReports Icons,style=plain,size=10] from Jasper registered successfully
11:21:16.959 [main] INFO  o.m.print.config.CustomFontLoader - Font java.awt.Font[family=JasperReports Icons,name=JasperReports Icons,style=bold,size=10] from Jasper registered successfully
11:21:16.959 [main] INFO  o.m.print.config.CustomFontLoader - Font java.awt.Font[family=JasperReports Icons,name=JasperReports Icons,style=italic,size=10] from Jasper registered successfully
11:21:16.959 [main] INFO  o.m.print.config.CustomFontLoader - Font java.awt.Font[family=JasperReports Icons,name=JasperReports Icons,style=bolditalic,size=10] from Jasper registered successfully
11:21:16.960 [main] INFO  o.m.print.config.CustomFontLoader - Font java.awt.Font[family=JasperReports Icons,name=JasperReports Icons,style=plain,size=10] from Jasper registered successfully
11:21:16.960 [main] INFO  o.m.print.config.CustomFontLoader - Font java.awt.Font[family=JasperReports Icons,name=JasperReports Icons,style=bold,size=10] from Jasper registered successfully
11:21:16.960 [main] INFO  o.m.print.config.CustomFontLoader - Font java.awt.Font[family=JasperReports Icons,name=JasperReports Icons,style=italic,size=10] from Jasper registered successfully
11:21:16.960 [main] INFO  o.m.print.config.CustomFontLoader - Font java.awt.Font[family=JasperReports Icons,name=JasperReports Icons,style=bolditalic,size=10] from Jasper registered successfully
11:21:18.478 [Clean up old files] INFO  o.m.print.config.WorkingDirectories - deleted 0 old file(s) in /tmp/mapfish-print/default/reports
11:21:18.479 [Clean up old files] INFO  o.m.print.config.WorkingDirectories - deleted 0 old file(s) in /tmp/mapfish-print/default
11:21:18.479 [Clean up old files] INFO  o.m.print.config.WorkingDirectories - deleted 0 old file(s) in /tmp
11:21:20.301 [ForkJoinPool-1-worker-229] INFO  o.m.p.p.map.SetTiledWmsProcessor - Converting layer http://localhost:8088/geoserver/by/wms[by:gemeinden] into a tiled WMS layer with tileSize=500x500
11:21:20.302 [ForkJoinPool-1-worker-115] INFO  o.m.p.p.jasper.JasperReportBuilder - Building Jasper report: /home/bhoefling/dev/mfp/my-examples/08by-tiled/./report.jrxml
11:21:20.311 [ForkJoinPool-1-worker-229] INFO  o.m.p.processor.ProcessorGraphNode - Time taken to run processor: 'class org.mapfish.print.processor.map.SetTiledWmsProcessor' was 10 ms
11:21:20.347 [ForkJoinPool-1-worker-229] INFO  o.m.p.map.tiled.wms.TiledWmsLayer - Tiled WMS query: http://localhost:8088/geoserver/by/wms?FORMAT_OPTIONS=dpi%3A72&TRANSPARENT=true&FORMAT=image%2Fpng&STYLES=&WIDTH=600&HEIGHT=600&LAYERS=by%3Agemeinden&REQUEST=GetMap&SRS=EPSG%3A25832&BBOX=689044.888888889%2C5321735.888888888%2C697511.5555555555%2C5330202.555555556&VERSION=1.1.1&SERVICE=WMS
11:21:20.383 [ForkJoinPool-1-worker-229] INFO  o.m.p.map.tiled.wms.TiledWmsLayer - Tiled WMS query: http://localhost:8088/geoserver/by/wms?FORMAT_OPTIONS=dpi%3A72&TRANSPARENT=true&FORMAT=image%2Fpng&STYLES=&WIDTH=550&HEIGHT=600&LAYERS=by%3Agemeinden&REQUEST=GetMap&SRS=EPSG%3A25832&BBOX=696100.4444444445%2C5321735.888888888%2C703861.5555555556%2C5330202.555555556&VERSION=1.1.1&SERVICE=WMS
11:21:20.403 [ForkJoinPool-1-worker-229] INFO  o.m.p.map.tiled.wms.TiledWmsLayer - Tiled WMS query: http://localhost:8088/geoserver/by/wms?FORMAT_OPTIONS=dpi%3A72&TRANSPARENT=true&FORMAT=image%2Fpng&STYLES=&WIDTH=50&HEIGHT=600&LAYERS=by%3Agemeinden&REQUEST=GetMap&SRS=EPSG%3A25832&BBOX=703156.0%2C5321735.888888888%2C703861.5555555556%2C5330202.555555556&VERSION=1.1.1&SERVICE=WMS
11:21:20.422 [ForkJoinPool-1-worker-229] INFO  o.m.p.map.tiled.wms.TiledWmsLayer - Tiled WMS query: http://localhost:8088/geoserver/by/wms?FORMAT_OPTIONS=dpi%3A72&TRANSPARENT=true&FORMAT=image%2Fpng&STYLES=&WIDTH=600&HEIGHT=600&LAYERS=by%3Agemeinden&REQUEST=GetMap&SRS=EPSG%3A25832&BBOX=689044.888888889%2C5328791.444444444%2C697511.5555555555%2C5337258.111111112&VERSION=1.1.1&SERVICE=WMS
11:21:20.431 [ForkJoinPool-1-worker-229] INFO  o.m.p.map.tiled.wms.TiledWmsLayer - Tiled WMS query: http://localhost:8088/geoserver/by/wms?FORMAT_OPTIONS=dpi%3A72&TRANSPARENT=true&FORMAT=image%2Fpng&STYLES=&WIDTH=550&HEIGHT=600&LAYERS=by%3Agemeinden&REQUEST=GetMap&SRS=EPSG%3A25832&BBOX=696100.4444444445%2C5328791.444444444%2C703861.5555555556%2C5337258.111111112&VERSION=1.1.1&SERVICE=WMS
11:21:20.437 [ForkJoinPool-1-worker-229] INFO  o.m.p.map.tiled.wms.TiledWmsLayer - Tiled WMS query: http://localhost:8088/geoserver/by/wms?FORMAT_OPTIONS=dpi%3A72&TRANSPARENT=true&FORMAT=image%2Fpng&STYLES=&WIDTH=50&HEIGHT=600&LAYERS=by%3Agemeinden&REQUEST=GetMap&SRS=EPSG%3A25832&BBOX=703156.0%2C5328791.444444444%2C703861.5555555556%2C5337258.111111112&VERSION=1.1.1&SERVICE=WMS
11:21:20.525 [ForkJoinPool-2-worker-9] WARN  o.m.print.http.HttpRequestFetcher - Request failed http://localhost:8088/geoserver/by/wms?FORMAT_OPTIONS=dpi%3A72&TRANSPARENT=true&FORMAT=image%2Fpng&STYLES=&WIDTH=600&HEIGHT=600&LAYERS=by%3Agemeinden&REQUEST=GetMap&SRS=EPSG%3A25832&BBOX=689044.888888889%2C5328791.444444444%2C697511.5555555555%2C5337258.111111112&VERSION=1.1.1&SERVICE=WMS
org.apache.http.conn.HttpHostConnectException: Connect to localhost:8088 [localhost/0:0:0:0:0:0:0:1, localhost/127.0.0.1] failed: Connection refused (Connection refused)
	at org.apache.http.impl.conn.DefaultHttpClientConnectionOperator.connect(DefaultHttpClientConnectionOperator.java:156)
	at org.apache.http.impl.conn.PoolingHttpClientConnectionManager.connect(PoolingHttpClientConnectionManager.java:376)
	at org.apache.http.impl.execchain.MainClientExec.establishRoute(MainClientExec.java:393)
	at org.apache.http.impl.execchain.MainClientExec.execute(MainClientExec.java:236)
	at org.apache.http.impl.execchain.ProtocolExec.execute(ProtocolExec.java:186)
	at org.apache.http.impl.execchain.RetryExec.execute(RetryExec.java:89)
	at org.apache.http.impl.execchain.RedirectExec.execute(RedirectExec.java:110)
	at org.apache.http.impl.client.InternalHttpClient.doExecute(InternalHttpClient.java:185)
	at org.apache.http.impl.client.CloseableHttpClient.execute(CloseableHttpClient.java:83)
	at org.apache.http.impl.client.CloseableHttpClient.execute(CloseableHttpClient.java:56)
	at org.mapfish.print.http.MfClientHttpRequestFactoryImpl$Request.executeInternal(MfClientHttpRequestFactoryImpl.java:199)
	at org.mapfish.print.http.MfClientHttpRequestFactoryImpl$Request.executeInternal(MfClientHttpRequestFactoryImpl.java:123)
	at org.springframework.http.client.AbstractClientHttpRequest.execute(AbstractClientHttpRequest.java:53)
	at org.mapfish.print.http.ConfigFileResolvingHttpRequestFactory$ConfigFileResolvingRequest.executeCallbacksAndRequest(ConfigFileResolvingHttpRequestFactory.java:161)
	at org.mapfish.print.http.ConfigFileResolvingHttpRequestFactory$ConfigFileResolvingRequest.executeInternal(ConfigFileResolvingHttpRequestFactory.java:143)
	at org.springframework.http.client.AbstractClientHttpRequest.execute(AbstractClientHttpRequest.java:53)
	at org.mapfish.print.http.HttpRequestFetcher$CachedClientHttpRequest.lambda$call$0(HttpRequestFetcher.java:200)
	at org.mapfish.print.processor.AbstractProcessor$Context.mdcContextEx(AbstractProcessor.java:261)
	at org.mapfish.print.http.HttpRequestFetcher$CachedClientHttpRequest.call(HttpRequestFetcher.java:194)
	at org.mapfish.print.http.HttpRequestFetcher$CachedClientHttpRequest.call(HttpRequestFetcher.java:133)
	at java.base/java.util.concurrent.ForkJoinTask$AdaptedCallable.exec(ForkJoinTask.java:1448)
	at java.base/java.util.concurrent.ForkJoinTask.doExec(ForkJoinTask.java:290)
	at java.base/java.util.concurrent.ForkJoinPool$WorkQueue.topLevelExec(ForkJoinPool.java:1020)
	at java.base/java.util.concurrent.ForkJoinPool.scan(ForkJoinPool.java:1656)
	at java.base/java.util.concurrent.ForkJoinPool.runWorker(ForkJoinPool.java:1594)
	at java.base/java.util.concurrent.ForkJoinWorkerThread.run(ForkJoinWorkerThread.java:177)
Caused by: java.net.ConnectException: Connection refused (Connection refused)
	at java.base/java.net.PlainSocketImpl.socketConnect(Native Method)
	at java.base/java.net.AbstractPlainSocketImpl.doConnect(AbstractPlainSocketImpl.java:399)
	at java.base/java.net.AbstractPlainSocketImpl.connectToAddress(AbstractPlainSocketImpl.java:242)
	at java.base/java.net.AbstractPlainSocketImpl.connect(AbstractPlainSocketImpl.java:224)
	at java.base/java.net.SocksSocketImpl.connect(SocksSocketImpl.java:403)
	at java.base/java.net.Socket.connect(Socket.java:591)
	at org.apache.http.conn.socket.PlainConnectionSocketFactory.connectSocket(PlainConnectionSocketFactory.java:75)
	at org.apache.http.impl.conn.DefaultHttpClientConnectionOperator.connect(DefaultHttpClientConnectionOperator.java:142)
	... 25 common frames omitted
11:21:20.526 [ForkJoinPool-2-worker-23] WARN  o.m.print.http.HttpRequestFetcher - Request failed http://localhost:8088/geoserver/by/wms?FORMAT_OPTIONS=dpi%3A72&TRANSPARENT=true&FORMAT=image%2Fpng&STYLES=&WIDTH=50&HEIGHT=600&LAYERS=by%3Agemeinden&REQUEST=GetMap&SRS=EPSG%3A25832&BBOX=703156.0%2C5321735.888888888%2C703861.5555555556%2C5330202.555555556&VERSION=1.1.1&SERVICE=WMS
org.apache.http.conn.HttpHostConnectException: Connect to localhost:8088 [localhost/127.0.0.1, localhost/0:0:0:0:0:0:0:1] failed: Connection refused (Connection refused)
	at org.apache.http.impl.conn.DefaultHttpClientConnectionOperator.connect(DefaultHttpClientConnectionOperator.java:156)
	at org.apache.http.impl.conn.PoolingHttpClientConnectionManager.connect(PoolingHttpClientConnectionManager.java:376)
	at org.apache.http.impl.execchain.MainClientExec.establishRoute(MainClientExec.java:393)
	at org.apache.http.impl.execchain.MainClientExec.execute(MainClientExec.java:236)
	at org.apache.http.impl.execchain.ProtocolExec.execute(ProtocolExec.java:186)
	at org.apache.http.impl.execchain.RetryExec.execute(RetryExec.java:89)
	at org.apache.http.impl.execchain.RedirectExec.execute(RedirectExec.java:110)
	at org.apache.http.impl.client.InternalHttpClient.doExecute(InternalHttpClient.java:185)
	at org.apache.http.impl.client.CloseableHttpClient.execute(CloseableHttpClient.java:83)
	at org.apache.http.impl.client.CloseableHttpClient.execute(CloseableHttpClient.java:56)
	at org.mapfish.print.http.MfClientHttpRequestFactoryImpl$Request.executeInternal(MfClientHttpRequestFactoryImpl.java:199)
	at org.mapfish.print.http.MfClientHttpRequestFactoryImpl$Request.executeInternal(MfClientHttpRequestFactoryImpl.java:123)
	at org.springframework.http.client.AbstractClientHttpRequest.execute(AbstractClientHttpRequest.java:53)
	at org.mapfish.print.http.ConfigFileResolvingHttpRequestFactory$ConfigFileResolvingRequest.executeCallbacksAndRequest(ConfigFileResolvingHttpRequestFactory.java:161)
	at org.mapfish.print.http.ConfigFileResolvingHttpRequestFactory$ConfigFileResolvingRequest.executeInternal(ConfigFileResolvingHttpRequestFactory.java:143)
	at org.springframework.http.client.AbstractClientHttpRequest.execute(AbstractClientHttpRequest.java:53)
	at org.mapfish.print.http.HttpRequestFetcher$CachedClientHttpRequest.lambda$call$0(HttpRequestFetcher.java:200)
	at org.mapfish.print.processor.AbstractProcessor$Context.mdcContextEx(AbstractProcessor.java:261)
	at org.mapfish.print.http.HttpRequestFetcher$CachedClientHttpRequest.call(HttpRequestFetcher.java:194)
	at org.mapfish.print.http.HttpRequestFetcher$CachedClientHttpRequest.call(HttpRequestFetcher.java:133)
	at java.base/java.util.concurrent.ForkJoinTask$AdaptedCallable.exec(ForkJoinTask.java:1448)
	at java.base/java.util.concurrent.ForkJoinTask.doExec(ForkJoinTask.java:290)
	at java.base/java.util.concurrent.ForkJoinPool$WorkQueue.topLevelExec(ForkJoinPool.java:1020)
	at java.base/java.util.concurrent.ForkJoinPool.scan(ForkJoinPool.java:1656)
	at java.base/java.util.concurrent.ForkJoinPool.runWorker(ForkJoinPool.java:1594)
	at java.base/java.util.concurrent.ForkJoinWorkerThread.run(ForkJoinWorkerThread.java:177)
Caused by: java.net.ConnectException: Connection refused (Connection refused)
	at java.base/java.net.PlainSocketImpl.socketConnect(Native Method)
	at java.base/java.net.AbstractPlainSocketImpl.doConnect(AbstractPlainSocketImpl.java:399)
	at java.base/java.net.AbstractPlainSocketImpl.connectToAddress(AbstractPlainSocketImpl.java:242)
	at java.base/java.net.AbstractPlainSocketImpl.connect(AbstractPlainSocketImpl.java:224)
	at java.base/java.net.SocksSocketImpl.connect(SocksSocketImpl.java:403)
	at java.base/java.net.Socket.connect(Socket.java:591)
	at org.apache.http.conn.socket.PlainConnectionSocketFactory.connectSocket(PlainConnectionSocketFactory.java:75)
	at org.apache.http.impl.conn.DefaultHttpClientConnectionOperator.connect(DefaultHttpClientConnectionOperator.java:142)
	... 25 common frames omitted
11:21:20.525 [ForkJoinPool-2-worker-45] WARN  o.m.print.http.HttpRequestFetcher - Request failed http://localhost:8088/geoserver/by/wms?FORMAT_OPTIONS=dpi%3A72&TRANSPARENT=true&FORMAT=image%2Fpng&STYLES=&WIDTH=50&HEIGHT=600&LAYERS=by%3Agemeinden&REQUEST=GetMap&SRS=EPSG%3A25832&BBOX=703156.0%2C5328791.444444444%2C703861.5555555556%2C5337258.111111112&VERSION=1.1.1&SERVICE=WMS
org.apache.http.conn.HttpHostConnectException: Connect to localhost:8088 [localhost/127.0.0.1, localhost/0:0:0:0:0:0:0:1] failed: Connection refused (Connection refused)
	at org.apache.http.impl.conn.DefaultHttpClientConnectionOperator.connect(DefaultHttpClientConnectionOperator.java:156)
	at org.apache.http.impl.conn.PoolingHttpClientConnectionManager.connect(PoolingHttpClientConnectionManager.java:376)
	at org.apache.http.impl.execchain.MainClientExec.establishRoute(MainClientExec.java:393)
	at org.apache.http.impl.execchain.MainClientExec.execute(MainClientExec.java:236)
	at org.apache.http.impl.execchain.ProtocolExec.execute(ProtocolExec.java:186)
	at org.apache.http.impl.execchain.RetryExec.execute(RetryExec.java:89)
	at org.apache.http.impl.execchain.RedirectExec.execute(RedirectExec.java:110)
	at org.apache.http.impl.client.InternalHttpClient.doExecute(InternalHttpClient.java:185)
	at org.apache.http.impl.client.CloseableHttpClient.execute(CloseableHttpClient.java:83)
	at org.apache.http.impl.client.CloseableHttpClient.execute(CloseableHttpClient.java:56)
	at org.mapfish.print.http.MfClientHttpRequestFactoryImpl$Request.executeInternal(MfClientHttpRequestFactoryImpl.java:199)
	at org.mapfish.print.http.MfClientHttpRequestFactoryImpl$Request.executeInternal(MfClientHttpRequestFactoryImpl.java:123)
	at org.springframework.http.client.AbstractClientHttpRequest.execute(AbstractClientHttpRequest.java:53)
	at org.mapfish.print.http.ConfigFileResolvingHttpRequestFactory$ConfigFileResolvingRequest.executeCallbacksAndRequest(ConfigFileResolvingHttpRequestFactory.java:161)
	at org.mapfish.print.http.ConfigFileResolvingHttpRequestFactory$ConfigFileResolvingRequest.executeInternal(ConfigFileResolvingHttpRequestFactory.java:143)
	at org.springframework.http.client.AbstractClientHttpRequest.execute(AbstractClientHttpRequest.java:53)
	at org.mapfish.print.http.HttpRequestFetcher$CachedClientHttpRequest.lambda$call$0(HttpRequestFetcher.java:200)
	at org.mapfish.print.processor.AbstractProcessor$Context.mdcContextEx(AbstractProcessor.java:261)
	at org.mapfish.print.http.HttpRequestFetcher$CachedClientHttpRequest.call(HttpRequestFetcher.java:194)
	at org.mapfish.print.http.HttpRequestFetcher$CachedClientHttpRequest.call(HttpRequestFetcher.java:133)
	at java.base/java.util.concurrent.ForkJoinTask$AdaptedCallable.exec(ForkJoinTask.java:1448)
	at java.base/java.util.concurrent.ForkJoinTask.doExec(ForkJoinTask.java:290)
	at java.base/java.util.concurrent.ForkJoinPool$WorkQueue.topLevelExec(ForkJoinPool.java:1020)
	at java.base/java.util.concurrent.ForkJoinPool.scan(ForkJoinPool.java:1656)
	at java.base/java.util.concurrent.ForkJoinPool.runWorker(ForkJoinPool.java:1594)
	at java.base/java.util.concurrent.ForkJoinWorkerThread.run(ForkJoinWorkerThread.java:177)
Caused by: java.net.ConnectException: Connection refused (Connection refused)
	at java.base/java.net.PlainSocketImpl.socketConnect(Native Method)
	at java.base/java.net.AbstractPlainSocketImpl.doConnect(AbstractPlainSocketImpl.java:399)
	at java.base/java.net.AbstractPlainSocketImpl.connectToAddress(AbstractPlainSocketImpl.java:242)
	at java.base/java.net.AbstractPlainSocketImpl.connect(AbstractPlainSocketImpl.java:224)
	at java.base/java.net.SocksSocketImpl.connect(SocksSocketImpl.java:403)
	at java.base/java.net.Socket.connect(Socket.java:591)
	at org.apache.http.conn.socket.PlainConnectionSocketFactory.connectSocket(PlainConnectionSocketFactory.java:75)
	at org.apache.http.impl.conn.DefaultHttpClientConnectionOperator.connect(DefaultHttpClientConnectionOperator.java:142)
	... 25 common frames omitted
11:21:20.527 [ForkJoinPool-2-worker-59] WARN  o.m.print.http.HttpRequestFetcher - Request failed http://localhost:8088/geoserver/by/wms?FORMAT_OPTIONS=dpi%3A72&TRANSPARENT=true&FORMAT=image%2Fpng&STYLES=&WIDTH=550&HEIGHT=600&LAYERS=by%3Agemeinden&REQUEST=GetMap&SRS=EPSG%3A25832&BBOX=696100.4444444445%2C5328791.444444444%2C703861.5555555556%2C5337258.111111112&VERSION=1.1.1&SERVICE=WMS
org.apache.http.conn.HttpHostConnectException: Connect to localhost:8088 [localhost/127.0.0.1, localhost/0:0:0:0:0:0:0:1] failed: Connection refused (Connection refused)
	at org.apache.http.impl.conn.DefaultHttpClientConnectionOperator.connect(DefaultHttpClientConnectionOperator.java:156)
	at org.apache.http.impl.conn.PoolingHttpClientConnectionManager.connect(PoolingHttpClientConnectionManager.java:376)
	at org.apache.http.impl.execchain.MainClientExec.establishRoute(MainClientExec.java:393)
	at org.apache.http.impl.execchain.MainClientExec.execute(MainClientExec.java:236)
	at org.apache.http.impl.execchain.ProtocolExec.execute(ProtocolExec.java:186)
	at org.apache.http.impl.execchain.RetryExec.execute(RetryExec.java:89)
	at org.apache.http.impl.execchain.RedirectExec.execute(RedirectExec.java:110)
	at org.apache.http.impl.client.InternalHttpClient.doExecute(InternalHttpClient.java:185)
	at org.apache.http.impl.client.CloseableHttpClient.execute(CloseableHttpClient.java:83)
	at org.apache.http.impl.client.CloseableHttpClient.execute(CloseableHttpClient.java:56)
	at org.mapfish.print.http.MfClientHttpRequestFactoryImpl$Request.executeInternal(MfClientHttpRequestFactoryImpl.java:199)
	at org.mapfish.print.http.MfClientHttpRequestFactoryImpl$Request.executeInternal(MfClientHttpRequestFactoryImpl.java:123)
	at org.springframework.http.client.AbstractClientHttpRequest.execute(AbstractClientHttpRequest.java:53)
	at org.mapfish.print.http.ConfigFileResolvingHttpRequestFactory$ConfigFileResolvingRequest.executeCallbacksAndRequest(ConfigFileResolvingHttpRequestFactory.java:161)
	at org.mapfish.print.http.ConfigFileResolvingHttpRequestFactory$ConfigFileResolvingRequest.executeInternal(ConfigFileResolvingHttpRequestFactory.java:143)
	at org.springframework.http.client.AbstractClientHttpRequest.execute(AbstractClientHttpRequest.java:53)
	at org.mapfish.print.http.HttpRequestFetcher$CachedClientHttpRequest.lambda$call$0(HttpRequestFetcher.java:200)
	at org.mapfish.print.processor.AbstractProcessor$Context.mdcContextEx(AbstractProcessor.java:261)
	at org.mapfish.print.http.HttpRequestFetcher$CachedClientHttpRequest.call(HttpRequestFetcher.java:194)
	at org.mapfish.print.http.HttpRequestFetcher$CachedClientHttpRequest.call(HttpRequestFetcher.java:133)
	at java.base/java.util.concurrent.ForkJoinTask$AdaptedCallable.exec(ForkJoinTask.java:1448)
	at java.base/java.util.concurrent.ForkJoinTask.doExec(ForkJoinTask.java:290)
	at java.base/java.util.concurrent.ForkJoinPool$WorkQueue.topLevelExec(ForkJoinPool.java:1020)
	at java.base/java.util.concurrent.ForkJoinPool.scan(ForkJoinPool.java:1656)
	at java.base/java.util.concurrent.ForkJoinPool.runWorker(ForkJoinPool.java:1594)
	at java.base/java.util.concurrent.ForkJoinWorkerThread.run(ForkJoinWorkerThread.java:177)
Caused by: java.net.ConnectException: Connection refused (Connection refused)
	at java.base/java.net.PlainSocketImpl.socketConnect(Native Method)
	at java.base/java.net.AbstractPlainSocketImpl.doConnect(AbstractPlainSocketImpl.java:399)
	at java.base/java.net.AbstractPlainSocketImpl.connectToAddress(AbstractPlainSocketImpl.java:242)
	at java.base/java.net.AbstractPlainSocketImpl.connect(AbstractPlainSocketImpl.java:224)
	at java.base/java.net.SocksSocketImpl.connect(SocksSocketImpl.java:403)
	at java.base/java.net.Socket.connect(Socket.java:591)
	at org.apache.http.conn.socket.PlainConnectionSocketFactory.connectSocket(PlainConnectionSocketFactory.java:75)
	at org.apache.http.impl.conn.DefaultHttpClientConnectionOperator.connect(DefaultHttpClientConnectionOperator.java:142)
	... 25 common frames omitted
11:21:20.526 [ForkJoinPool-2-worker-51] WARN  o.m.print.http.HttpRequestFetcher - Request failed http://localhost:8088/geoserver/by/wms?FORMAT_OPTIONS=dpi%3A72&TRANSPARENT=true&FORMAT=image%2Fpng&STYLES=&WIDTH=600&HEIGHT=600&LAYERS=by%3Agemeinden&REQUEST=GetMap&SRS=EPSG%3A25832&BBOX=689044.888888889%2C5321735.888888888%2C697511.5555555555%2C5330202.555555556&VERSION=1.1.1&SERVICE=WMS
org.apache.http.conn.HttpHostConnectException: Connect to localhost:8088 [localhost/0:0:0:0:0:0:0:1, localhost/127.0.0.1] failed: Connection refused (Connection refused)
	at org.apache.http.impl.conn.DefaultHttpClientConnectionOperator.connect(DefaultHttpClientConnectionOperator.java:156)
	at org.apache.http.impl.conn.PoolingHttpClientConnectionManager.connect(PoolingHttpClientConnectionManager.java:376)
	at org.apache.http.impl.execchain.MainClientExec.establishRoute(MainClientExec.java:393)
	at org.apache.http.impl.execchain.MainClientExec.execute(MainClientExec.java:236)
	at org.apache.http.impl.execchain.ProtocolExec.execute(ProtocolExec.java:186)
	at org.apache.http.impl.execchain.RetryExec.execute(RetryExec.java:89)
	at org.apache.http.impl.execchain.RedirectExec.execute(RedirectExec.java:110)
	at org.apache.http.impl.client.InternalHttpClient.doExecute(InternalHttpClient.java:185)
	at org.apache.http.impl.client.CloseableHttpClient.execute(CloseableHttpClient.java:83)
	at org.apache.http.impl.client.CloseableHttpClient.execute(CloseableHttpClient.java:56)
	at org.mapfish.print.http.MfClientHttpRequestFactoryImpl$Request.executeInternal(MfClientHttpRequestFactoryImpl.java:199)
	at org.mapfish.print.http.MfClientHttpRequestFactoryImpl$Request.executeInternal(MfClientHttpRequestFactoryImpl.java:123)
	at org.springframework.http.client.AbstractClientHttpRequest.execute(AbstractClientHttpRequest.java:53)
	at org.mapfish.print.http.ConfigFileResolvingHttpRequestFactory$ConfigFileResolvingRequest.executeCallbacksAndRequest(ConfigFileResolvingHttpRequestFactory.java:161)
	at org.mapfish.print.http.ConfigFileResolvingHttpRequestFactory$ConfigFileResolvingRequest.executeInternal(ConfigFileResolvingHttpRequestFactory.java:143)
	at org.springframework.http.client.AbstractClientHttpRequest.execute(AbstractClientHttpRequest.java:53)
	at org.mapfish.print.http.HttpRequestFetcher$CachedClientHttpRequest.lambda$call$0(HttpRequestFetcher.java:200)
	at org.mapfish.print.processor.AbstractProcessor$Context.mdcContextEx(AbstractProcessor.java:261)
	at org.mapfish.print.http.HttpRequestFetcher$CachedClientHttpRequest.call(HttpRequestFetcher.java:194)
	at org.mapfish.print.http.HttpRequestFetcher$CachedClientHttpRequest.call(HttpRequestFetcher.java:133)
	at java.base/java.util.concurrent.ForkJoinTask$AdaptedCallable.exec(ForkJoinTask.java:1448)
	at java.base/java.util.concurrent.ForkJoinTask.doExec(ForkJoinTask.java:290)
	at java.base/java.util.concurrent.ForkJoinPool$WorkQueue.topLevelExec(ForkJoinPool.java:1020)
	at java.base/java.util.concurrent.ForkJoinPool.scan(ForkJoinPool.java:1656)
	at java.base/java.util.concurrent.ForkJoinPool.runWorker(ForkJoinPool.java:1594)
	at java.base/java.util.concurrent.ForkJoinWorkerThread.run(ForkJoinWorkerThread.java:177)
Caused by: java.net.ConnectException: Connection refused (Connection refused)
	at java.base/java.net.PlainSocketImpl.socketConnect(Native Method)
	at java.base/java.net.AbstractPlainSocketImpl.doConnect(AbstractPlainSocketImpl.java:399)
	at java.base/java.net.AbstractPlainSocketImpl.connectToAddress(AbstractPlainSocketImpl.java:242)
	at java.base/java.net.AbstractPlainSocketImpl.connect(AbstractPlainSocketImpl.java:224)
	at java.base/java.net.SocksSocketImpl.connect(SocksSocketImpl.java:403)
	at java.base/java.net.Socket.connect(Socket.java:591)
	at org.apache.http.conn.socket.PlainConnectionSocketFactory.connectSocket(PlainConnectionSocketFactory.java:75)
	at org.apache.http.impl.conn.DefaultHttpClientConnectionOperator.connect(DefaultHttpClientConnectionOperator.java:142)
	... 25 common frames omitted
11:21:20.526 [ForkJoinPool-2-worker-37] WARN  o.m.print.http.HttpRequestFetcher - Request failed http://localhost:8088/geoserver/by/wms?FORMAT_OPTIONS=dpi%3A72&TRANSPARENT=true&FORMAT=image%2Fpng&STYLES=&WIDTH=550&HEIGHT=600&LAYERS=by%3Agemeinden&REQUEST=GetMap&SRS=EPSG%3A25832&BBOX=696100.4444444445%2C5321735.888888888%2C703861.5555555556%2C5330202.555555556&VERSION=1.1.1&SERVICE=WMS
org.apache.http.conn.HttpHostConnectException: Connect to localhost:8088 [localhost/0:0:0:0:0:0:0:1, localhost/127.0.0.1] failed: Connection refused (Connection refused)
	at org.apache.http.impl.conn.DefaultHttpClientConnectionOperator.connect(DefaultHttpClientConnectionOperator.java:156)
	at org.apache.http.impl.conn.PoolingHttpClientConnectionManager.connect(PoolingHttpClientConnectionManager.java:376)
	at org.apache.http.impl.execchain.MainClientExec.establishRoute(MainClientExec.java:393)
	at org.apache.http.impl.execchain.MainClientExec.execute(MainClientExec.java:236)
	at org.apache.http.impl.execchain.ProtocolExec.execute(ProtocolExec.java:186)
	at org.apache.http.impl.execchain.RetryExec.execute(RetryExec.java:89)
	at org.apache.http.impl.execchain.RedirectExec.execute(RedirectExec.java:110)
	at org.apache.http.impl.client.InternalHttpClient.doExecute(InternalHttpClient.java:185)
	at org.apache.http.impl.client.CloseableHttpClient.execute(CloseableHttpClient.java:83)
	at org.apache.http.impl.client.CloseableHttpClient.execute(CloseableHttpClient.java:56)
	at org.mapfish.print.http.MfClientHttpRequestFactoryImpl$Request.executeInternal(MfClientHttpRequestFactoryImpl.java:199)
	at org.mapfish.print.http.MfClientHttpRequestFactoryImpl$Request.executeInternal(MfClientHttpRequestFactoryImpl.java:123)
	at org.springframework.http.client.AbstractClientHttpRequest.execute(AbstractClientHttpRequest.java:53)
	at org.mapfish.print.http.ConfigFileResolvingHttpRequestFactory$ConfigFileResolvingRequest.executeCallbacksAndRequest(ConfigFileResolvingHttpRequestFactory.java:161)
	at org.mapfish.print.http.ConfigFileResolvingHttpRequestFactory$ConfigFileResolvingRequest.executeInternal(ConfigFileResolvingHttpRequestFactory.java:143)
	at org.springframework.http.client.AbstractClientHttpRequest.execute(AbstractClientHttpRequest.java:53)
	at org.mapfish.print.http.HttpRequestFetcher$CachedClientHttpRequest.lambda$call$0(HttpRequestFetcher.java:200)
	at org.mapfish.print.processor.AbstractProcessor$Context.mdcContextEx(AbstractProcessor.java:261)
	at org.mapfish.print.http.HttpRequestFetcher$CachedClientHttpRequest.call(HttpRequestFetcher.java:194)
	at org.mapfish.print.http.HttpRequestFetcher$CachedClientHttpRequest.call(HttpRequestFetcher.java:133)
	at java.base/java.util.concurrent.ForkJoinTask$AdaptedCallable.exec(ForkJoinTask.java:1448)
	at java.base/java.util.concurrent.ForkJoinTask.doExec(ForkJoinTask.java:290)
	at java.base/java.util.concurrent.ForkJoinPool$WorkQueue.topLevelExec(ForkJoinPool.java:1020)
	at java.base/java.util.concurrent.ForkJoinPool.scan(ForkJoinPool.java:1656)
	at java.base/java.util.concurrent.ForkJoinPool.runWorker(ForkJoinPool.java:1594)
	at java.base/java.util.concurrent.ForkJoinWorkerThread.run(ForkJoinWorkerThread.java:177)
Caused by: java.net.ConnectException: Connection refused (Connection refused)
	at java.base/java.net.PlainSocketImpl.socketConnect(Native Method)
	at java.base/java.net.AbstractPlainSocketImpl.doConnect(AbstractPlainSocketImpl.java:399)
	at java.base/java.net.AbstractPlainSocketImpl.connectToAddress(AbstractPlainSocketImpl.java:242)
	at java.base/java.net.AbstractPlainSocketImpl.connect(AbstractPlainSocketImpl.java:224)
	at java.base/java.net.SocksSocketImpl.connect(SocksSocketImpl.java:403)
	at java.base/java.net.Socket.connect(Socket.java:591)
	at org.apache.http.conn.socket.PlainConnectionSocketFactory.connectSocket(PlainConnectionSocketFactory.java:75)
	at org.apache.http.impl.conn.DefaultHttpClientConnectionOperator.connect(DefaultHttpClientConnectionOperator.java:142)
	... 25 common frames omitted
11:21:20.543 [ForkJoinPool-1-worker-229] INFO  o.m.print.map.tiled.CoverageTask - Error making tile request: http://localhost:8088/geoserver/by/wms?FORMAT_OPTIONS=dpi%3A72&TRANSPARENT=true&FORMAT=image%2Fpng&STYLES=&WIDTH=600&HEIGHT=600&LAYERS=by%3Agemeinden&REQUEST=GetMap&SRS=EPSG%3A25832&BBOX=689044.888888889%2C5321735.888888888%2C697511.5555555555%2C5330202.555555556&VERSION=1.1.1&SERVICE=WMS
	Status: 500 INTERNAL_SERVER_ERROR
	outMessage: Connect to localhost:8088 [localhost/0:0:0:0:0:0:0:1, localhost/127.0.0.1] failed: Connection refused (Connection refused)
11:21:20.603 [ForkJoinPool-1-worker-229] INFO  o.m.print.map.tiled.CoverageTask - Error making tile request: http://localhost:8088/geoserver/by/wms?FORMAT_OPTIONS=dpi%3A72&TRANSPARENT=true&FORMAT=image%2Fpng&STYLES=&WIDTH=550&HEIGHT=600&LAYERS=by%3Agemeinden&REQUEST=GetMap&SRS=EPSG%3A25832&BBOX=696100.4444444445%2C5321735.888888888%2C703861.5555555556%2C5330202.555555556&VERSION=1.1.1&SERVICE=WMS
	Status: 500 INTERNAL_SERVER_ERROR
	outMessage: Connect to localhost:8088 [localhost/0:0:0:0:0:0:0:1, localhost/127.0.0.1] failed: Connection refused (Connection refused)
11:21:20.605 [ForkJoinPool-1-worker-229] INFO  o.m.print.map.tiled.CoverageTask - Error making tile request: http://localhost:8088/geoserver/by/wms?FORMAT_OPTIONS=dpi%3A72&TRANSPARENT=true&FORMAT=image%2Fpng&STYLES=&WIDTH=50&HEIGHT=600&LAYERS=by%3Agemeinden&REQUEST=GetMap&SRS=EPSG%3A25832&BBOX=703156.0%2C5321735.888888888%2C703861.5555555556%2C5330202.555555556&VERSION=1.1.1&SERVICE=WMS
	Status: 500 INTERNAL_SERVER_ERROR
	outMessage: Connect to localhost:8088 [localhost/127.0.0.1, localhost/0:0:0:0:0:0:0:1] failed: Connection refused (Connection refused)
11:21:20.607 [ForkJoinPool-1-worker-229] INFO  o.m.print.map.tiled.CoverageTask - Error making tile request: http://localhost:8088/geoserver/by/wms?FORMAT_OPTIONS=dpi%3A72&TRANSPARENT=true&FORMAT=image%2Fpng&STYLES=&WIDTH=600&HEIGHT=600&LAYERS=by%3Agemeinden&REQUEST=GetMap&SRS=EPSG%3A25832&BBOX=689044.888888889%2C5328791.444444444%2C697511.5555555555%2C5337258.111111112&VERSION=1.1.1&SERVICE=WMS
	Status: 500 INTERNAL_SERVER_ERROR
	outMessage: Connect to localhost:8088 [localhost/0:0:0:0:0:0:0:1, localhost/127.0.0.1] failed: Connection refused (Connection refused)
11:21:20.610 [ForkJoinPool-1-worker-229] INFO  o.m.print.map.tiled.CoverageTask - Error making tile request: http://localhost:8088/geoserver/by/wms?FORMAT_OPTIONS=dpi%3A72&TRANSPARENT=true&FORMAT=image%2Fpng&STYLES=&WIDTH=550&HEIGHT=600&LAYERS=by%3Agemeinden&REQUEST=GetMap&SRS=EPSG%3A25832&BBOX=696100.4444444445%2C5328791.444444444%2C703861.5555555556%2C5337258.111111112&VERSION=1.1.1&SERVICE=WMS
	Status: 500 INTERNAL_SERVER_ERROR
	outMessage: Connect to localhost:8088 [localhost/127.0.0.1, localhost/0:0:0:0:0:0:0:1] failed: Connection refused (Connection refused)
11:21:20.612 [ForkJoinPool-1-worker-229] INFO  o.m.print.map.tiled.CoverageTask - Error making tile request: http://localhost:8088/geoserver/by/wms?FORMAT_OPTIONS=dpi%3A72&TRANSPARENT=true&FORMAT=image%2Fpng&STYLES=&WIDTH=50&HEIGHT=600&LAYERS=by%3Agemeinden&REQUEST=GetMap&SRS=EPSG%3A25832&BBOX=703156.0%2C5328791.444444444%2C703861.5555555556%2C5337258.111111112&VERSION=1.1.1&SERVICE=WMS
	Status: 500 INTERNAL_SERVER_ERROR
	outMessage: Connect to localhost:8088 [localhost/127.0.0.1, localhost/0:0:0:0:0:0:0:1] failed: Connection refused (Connection refused)
11:21:21.093 [ForkJoinPool-1-worker-115] INFO  o.m.p.p.jasper.JasperReportBuilder - Report '/home/bhoefling/dev/mfp/my-examples/08by-tiled/./report.jrxml' built in 791ms.
11:21:21.099 [ForkJoinPool-1-worker-115] INFO  o.m.p.processor.ProcessorGraphNode - Time taken to run processor: 'class org.mapfish.print.processor.jasper.JasperReportBuilder' was 799 ms
11:21:22.111 [ForkJoinPool-1-worker-229] INFO  o.m.p.processor.ProcessorGraphNode - Time taken to run processor: 'class org.mapfish.print.processor.map.CreateMapProcessor' was 1800 ms
11:21:22.301 [ForkJoinPool-1-worker-229] INFO  o.m.p.processor.ProcessorGraphNode - Time taken to run processor: 'class org.mapfish.print.processor.map.CreateNorthArrowProcessor' was 189 ms

Deprecated Gradle features were used in this build, making it incompatible with Gradle 7.0.
Use '--warning-mode all' to show the individual deprecation warnings.
See https://docs.gradle.org/6.6/userguide/command_line_interface.html#sec:command_line_warnings

BUILD SUCCESSFUL in 22s
3 actionable tasks: 1 executed, 2 up-to-date
