> Task :core:compileJava UP-TO-DATE
> Task :core:processResources UP-TO-DATE
> Task :core:classes UP-TO-DATE

> Task :core:print
00:08:32,710 |-INFO in ch.qos.logback.classic.LoggerContext[default] - Could NOT find resource [logback-test.xml]
00:08:32,712 |-INFO in ch.qos.logback.classic.LoggerContext[default] - Could NOT find resource [logback.groovy]
00:08:32,714 |-INFO in ch.qos.logback.classic.LoggerContext[default] - Found resource [logback.xml] at [file:/home/bhoefling/dev/mfp/mapfish-print/core/build/resources/main/logback.xml]
00:08:33,178 |-INFO in ch.qos.logback.classic.joran.action.ConfigurationAction - debug attribute not set
00:08:33,195 |-INFO in ch.qos.logback.core.joran.action.AppenderAction - About to instantiate appender of type [ch.qos.logback.core.ConsoleAppender]
00:08:33,208 |-INFO in ch.qos.logback.core.joran.action.AppenderAction - Naming appender as [standardOut]
00:08:33,313 |-INFO in ch.qos.logback.core.joran.action.NestedComplexPropertyIA - Assuming default type [ch.qos.logback.classic.encoder.PatternLayoutEncoder] for [encoder] property
00:08:33,457 |-INFO in ch.qos.logback.classic.joran.action.LoggerAction - Setting level of logger [org.mapfish] to WARN
00:08:33,457 |-INFO in ch.qos.logback.classic.joran.action.LoggerAction - Setting level of logger [com.codahale] to WARN
00:08:33,458 |-INFO in ch.qos.logback.classic.joran.action.LoggerAction - Setting level of logger [org.springframework] to WARN
00:08:33,458 |-INFO in ch.qos.logback.classic.joran.action.LoggerAction - Setting level of logger [org.apache] to WARN
00:08:33,458 |-INFO in ch.qos.logback.classic.joran.action.LoggerAction - Setting level of logger [org.hibernate] to WARN
00:08:33,458 |-INFO in ch.qos.logback.classic.joran.action.RootLoggerAction - Setting level of ROOT logger to INFO
00:08:33,458 |-INFO in ch.qos.logback.core.joran.action.AppenderRefAction - Attaching appender named [standardOut] to Logger[ROOT]
00:08:33,459 |-INFO in ch.qos.logback.classic.joran.action.ConfigurationAction - End of configuration.
00:08:33,461 |-INFO in ch.qos.logback.classic.joran.JoranConfigurator@5136d012 - Registering current configuration as safe fallback point
00:08:33,586 |-INFO in ch.qos.logback.classic.joran.action.ConfigurationAction - debug attribute not set
00:08:33,586 |-INFO in ch.qos.logback.core.joran.action.AppenderAction - About to instantiate appender of type [ch.qos.logback.core.ConsoleAppender]
00:08:33,586 |-INFO in ch.qos.logback.core.joran.action.AppenderAction - Naming appender as [standardOut]
00:08:33,589 |-WARN in ch.qos.logback.core.ConsoleAppender[standardOut] - This appender no longer admits a layout as a sub-component, set an encoder instead.
00:08:33,589 |-WARN in ch.qos.logback.core.ConsoleAppender[standardOut] - To ensure compatibility, wrapping your layout in LayoutWrappingEncoder.
00:08:33,589 |-WARN in ch.qos.logback.core.ConsoleAppender[standardOut] - See also http://logback.qos.ch/codes.html#layoutInsteadOfEncoder for details
00:08:33,589 |-INFO in ch.qos.logback.classic.joran.action.LoggerAction - Setting level of logger [org.mapfish] to INFO
00:08:33,589 |-INFO in ch.qos.logback.classic.joran.action.LoggerAction - Setting level of logger [org.mapfish.print.output.ValuesLogger] to OFF
00:08:33,589 |-INFO in ch.qos.logback.classic.joran.action.RootLoggerAction - Setting level of ROOT logger to INFO
00:08:33,589 |-INFO in ch.qos.logback.core.joran.action.AppenderRefAction - Attaching appender named [standardOut] to Logger[ROOT]
00:08:33,589 |-INFO in ch.qos.logback.classic.joran.action.ConfigurationAction - End of configuration.
00:08:33,589 |-INFO in ch.qos.logback.classic.joran.JoranConfigurator@5939a379 - Registering current configuration as safe fallback point

00:08:36.504 [main] INFO  o.m.print.config.CustomFontLoader - Font java.awt.Font[family=JasperReports Icons,name=JasperReports Icons,style=plain,size=10] from Jasper registered successfully
00:08:36.536 [main] INFO  o.m.print.config.CustomFontLoader - Font java.awt.Font[family=JasperReports Icons,name=JasperReports Icons,style=bold,size=10] from Jasper registered successfully
00:08:36.536 [main] INFO  o.m.print.config.CustomFontLoader - Font java.awt.Font[family=JasperReports Icons,name=JasperReports Icons,style=italic,size=10] from Jasper registered successfully
00:08:36.537 [main] INFO  o.m.print.config.CustomFontLoader - Font java.awt.Font[family=JasperReports Icons,name=JasperReports Icons,style=bolditalic,size=10] from Jasper registered successfully
00:08:36.537 [main] INFO  o.m.print.config.CustomFontLoader - Font java.awt.Font[family=JasperReports Icons,name=JasperReports Icons,style=plain,size=10] from Jasper registered successfully
00:08:36.537 [main] INFO  o.m.print.config.CustomFontLoader - Font java.awt.Font[family=JasperReports Icons,name=JasperReports Icons,style=bold,size=10] from Jasper registered successfully
00:08:36.537 [main] INFO  o.m.print.config.CustomFontLoader - Font java.awt.Font[family=JasperReports Icons,name=JasperReports Icons,style=italic,size=10] from Jasper registered successfully
00:08:36.537 [main] INFO  o.m.print.config.CustomFontLoader - Font java.awt.Font[family=JasperReports Icons,name=JasperReports Icons,style=bolditalic,size=10] from Jasper registered successfully
00:08:39.343 [Clean up old files] INFO  o.m.print.config.WorkingDirectories - deleted 0 old file(s) in /tmp/mapfish-print/default/reports
00:08:39.355 [Clean up old files] INFO  o.m.print.config.WorkingDirectories - deleted 0 old file(s) in /tmp/mapfish-print/default
00:08:39.356 [Clean up old files] INFO  o.m.print.config.WorkingDirectories - deleted 0 old file(s) in /tmp
00:08:42.437 [ForkJoinPool-1-worker-115] INFO  o.m.p.processor.ProcessorGraphNode - Time taken to run processor: 'class org.mapfish.print.processor.jasper.JasperReportBuilder' was 1 ms
00:08:42.477 [ForkJoinPool-1-worker-229] INFO  o.m.p.p.map.SetTiledWmsProcessor - Converting layer http://localhost:8088/geoserver/by/wms[by:gemeinden] into a tiled WMS layer with tileSize=250x250
00:08:42.510 [ForkJoinPool-1-worker-229] INFO  o.m.p.processor.ProcessorGraphNode - Time taken to run processor: 'class org.mapfish.print.processor.map.SetTiledWmsProcessor' was 72 ms
00:08:42.593 [ForkJoinPool-1-worker-229] INFO  o.m.p.map.tiled.wms.TiledWmsLayer - Tiled WMS query: http://localhost:8088/geoserver/by/wms?FORMAT_OPTIONS=dpi%3A72&TRANSPARENT=true&FORMAT=image%2Fpng&STYLES=&WIDTH=372&HEIGHT=374&LAYERS=by%3Agemeinden&REQUEST=GetMap&SRS=EPSG%3A25832&BBOX=688889.6666666667%2C5321566.555555555%2C694139.0%2C5326844.111111111&VERSION=1.1.1&SERVICE=WMS
00:08:42.675 [ForkJoinPool-1-worker-229] INFO  o.m.p.map.tiled.wms.TiledWmsLayer - Tiled WMS query: http://localhost:8088/geoserver/by/wms?FORMAT_OPTIONS=dpi%3A72&TRANSPARENT=true&FORMAT=image%2Fpng&STYLES=&WIDTH=372&HEIGHT=374&LAYERS=by%3Agemeinden&REQUEST=GetMap&SRS=EPSG%3A25832&BBOX=692417.4444444445%2C5321566.555555555%2C697666.7777777778%2C5326844.111111111&VERSION=1.1.1&SERVICE=WMS
00:08:42.730 [ForkJoinPool-1-worker-229] INFO  o.m.p.map.tiled.wms.TiledWmsLayer - Tiled WMS query: http://localhost:8088/geoserver/by/wms?FORMAT_OPTIONS=dpi%3A72&TRANSPARENT=true&FORMAT=image%2Fpng&STYLES=&WIDTH=372&HEIGHT=374&LAYERS=by%3Agemeinden&REQUEST=GetMap&SRS=EPSG%3A25832&BBOX=695945.2222222222%2C5321566.555555555%2C701194.5555555555%2C5326844.111111111&VERSION=1.1.1&SERVICE=WMS
00:08:42.734 [ForkJoinPool-1-worker-229] INFO  o.m.p.map.tiled.wms.TiledWmsLayer - Tiled WMS query: http://localhost:8088/geoserver/by/wms?FORMAT_OPTIONS=dpi%3A72&TRANSPARENT=true&FORMAT=image%2Fpng&STYLES=&WIDTH=311&HEIGHT=374&LAYERS=by%3Agemeinden&REQUEST=GetMap&SRS=EPSG%3A25832&BBOX=699473.0%2C5321566.555555555%2C703861.5555555556%2C5326844.111111111&VERSION=1.1.1&SERVICE=WMS
00:08:42.761 [ForkJoinPool-1-worker-229] INFO  o.m.p.map.tiled.wms.TiledWmsLayer - Tiled WMS query: http://localhost:8088/geoserver/by/wms?FORMAT_OPTIONS=dpi%3A72&TRANSPARENT=true&FORMAT=image%2Fpng&STYLES=&WIDTH=61&HEIGHT=374&LAYERS=by%3Agemeinden&REQUEST=GetMap&SRS=EPSG%3A25832&BBOX=703000.7777777778%2C5321566.555555555%2C703861.5555555556%2C5326844.111111111&VERSION=1.1.1&SERVICE=WMS
00:08:42.779 [ForkJoinPool-1-worker-229] INFO  o.m.p.map.tiled.wms.TiledWmsLayer - Tiled WMS query: http://localhost:8088/geoserver/by/wms?FORMAT_OPTIONS=dpi%3A72&TRANSPARENT=true&FORMAT=image%2Fpng&STYLES=&WIDTH=372&HEIGHT=374&LAYERS=by%3Agemeinden&REQUEST=GetMap&SRS=EPSG%3A25832&BBOX=688889.6666666667%2C5325094.333333333%2C694139.0%2C5330371.888888889&VERSION=1.1.1&SERVICE=WMS
00:08:42.782 [ForkJoinPool-1-worker-229] INFO  o.m.p.map.tiled.wms.TiledWmsLayer - Tiled WMS query: http://localhost:8088/geoserver/by/wms?FORMAT_OPTIONS=dpi%3A72&TRANSPARENT=true&FORMAT=image%2Fpng&STYLES=&WIDTH=372&HEIGHT=374&LAYERS=by%3Agemeinden&REQUEST=GetMap&SRS=EPSG%3A25832&BBOX=692417.4444444445%2C5325094.333333333%2C697666.7777777778%2C5330371.888888889&VERSION=1.1.1&SERVICE=WMS
00:08:42.828 [ForkJoinPool-1-worker-229] INFO  o.m.p.map.tiled.wms.TiledWmsLayer - Tiled WMS query: http://localhost:8088/geoserver/by/wms?FORMAT_OPTIONS=dpi%3A72&TRANSPARENT=true&FORMAT=image%2Fpng&STYLES=&WIDTH=372&HEIGHT=374&LAYERS=by%3Agemeinden&REQUEST=GetMap&SRS=EPSG%3A25832&BBOX=695945.2222222222%2C5325094.333333333%2C701194.5555555555%2C5330371.888888889&VERSION=1.1.1&SERVICE=WMS
00:08:42.894 [ForkJoinPool-1-worker-229] INFO  o.m.p.map.tiled.wms.TiledWmsLayer - Tiled WMS query: http://localhost:8088/geoserver/by/wms?FORMAT_OPTIONS=dpi%3A72&TRANSPARENT=true&FORMAT=image%2Fpng&STYLES=&WIDTH=311&HEIGHT=374&LAYERS=by%3Agemeinden&REQUEST=GetMap&SRS=EPSG%3A25832&BBOX=699473.0%2C5325094.333333333%2C703861.5555555556%2C5330371.888888889&VERSION=1.1.1&SERVICE=WMS
00:08:42.955 [ForkJoinPool-1-worker-229] INFO  o.m.p.map.tiled.wms.TiledWmsLayer - Tiled WMS query: http://localhost:8088/geoserver/by/wms?FORMAT_OPTIONS=dpi%3A72&TRANSPARENT=true&FORMAT=image%2Fpng&STYLES=&WIDTH=61&HEIGHT=374&LAYERS=by%3Agemeinden&REQUEST=GetMap&SRS=EPSG%3A25832&BBOX=703000.7777777778%2C5325094.333333333%2C703861.5555555556%2C5330371.888888889&VERSION=1.1.1&SERVICE=WMS
00:08:42.958 [ForkJoinPool-1-worker-229] INFO  o.m.p.map.tiled.wms.TiledWmsLayer - Tiled WMS query: http://localhost:8088/geoserver/by/wms?FORMAT_OPTIONS=dpi%3A72&TRANSPARENT=true&FORMAT=image%2Fpng&STYLES=&WIDTH=372&HEIGHT=374&LAYERS=by%3Agemeinden&REQUEST=GetMap&SRS=EPSG%3A25832&BBOX=688889.6666666667%2C5328622.111111111%2C694139.0%2C5333899.666666667&VERSION=1.1.1&SERVICE=WMS
00:08:42.998 [ForkJoinPool-1-worker-229] INFO  o.m.p.map.tiled.wms.TiledWmsLayer - Tiled WMS query: http://localhost:8088/geoserver/by/wms?FORMAT_OPTIONS=dpi%3A72&TRANSPARENT=true&FORMAT=image%2Fpng&STYLES=&WIDTH=372&HEIGHT=374&LAYERS=by%3Agemeinden&REQUEST=GetMap&SRS=EPSG%3A25832&BBOX=692417.4444444445%2C5328622.111111111%2C697666.7777777778%2C5333899.666666667&VERSION=1.1.1&SERVICE=WMS
00:08:43.120 [ForkJoinPool-1-worker-229] INFO  o.m.p.map.tiled.wms.TiledWmsLayer - Tiled WMS query: http://localhost:8088/geoserver/by/wms?FORMAT_OPTIONS=dpi%3A72&TRANSPARENT=true&FORMAT=image%2Fpng&STYLES=&WIDTH=372&HEIGHT=374&LAYERS=by%3Agemeinden&REQUEST=GetMap&SRS=EPSG%3A25832&BBOX=695945.2222222222%2C5328622.111111111%2C701194.5555555555%2C5333899.666666667&VERSION=1.1.1&SERVICE=WMS
00:08:43.151 [ForkJoinPool-1-worker-229] INFO  o.m.p.map.tiled.wms.TiledWmsLayer - Tiled WMS query: http://localhost:8088/geoserver/by/wms?FORMAT_OPTIONS=dpi%3A72&TRANSPARENT=true&FORMAT=image%2Fpng&STYLES=&WIDTH=311&HEIGHT=374&LAYERS=by%3Agemeinden&REQUEST=GetMap&SRS=EPSG%3A25832&BBOX=699473.0%2C5328622.111111111%2C703861.5555555556%2C5333899.666666667&VERSION=1.1.1&SERVICE=WMS
00:08:43.183 [ForkJoinPool-1-worker-229] INFO  o.m.p.map.tiled.wms.TiledWmsLayer - Tiled WMS query: http://localhost:8088/geoserver/by/wms?FORMAT_OPTIONS=dpi%3A72&TRANSPARENT=true&FORMAT=image%2Fpng&STYLES=&WIDTH=61&HEIGHT=374&LAYERS=by%3Agemeinden&REQUEST=GetMap&SRS=EPSG%3A25832&BBOX=703000.7777777778%2C5328622.111111111%2C703861.5555555556%2C5333899.666666667&VERSION=1.1.1&SERVICE=WMS
00:08:43.465 [ForkJoinPool-1-worker-229] INFO  o.m.p.map.tiled.wms.TiledWmsLayer - Tiled WMS query: http://localhost:8088/geoserver/by/wms?FORMAT_OPTIONS=dpi%3A72&TRANSPARENT=true&FORMAT=image%2Fpng&STYLES=&WIDTH=372&HEIGHT=374&LAYERS=by%3Agemeinden&REQUEST=GetMap&SRS=EPSG%3A25832&BBOX=688889.6666666667%2C5332149.888888889%2C694139.0%2C5337427.444444445&VERSION=1.1.1&SERVICE=WMS
00:08:43.468 [ForkJoinPool-1-worker-229] INFO  o.m.p.map.tiled.wms.TiledWmsLayer - Tiled WMS query: http://localhost:8088/geoserver/by/wms?FORMAT_OPTIONS=dpi%3A72&TRANSPARENT=true&FORMAT=image%2Fpng&STYLES=&WIDTH=372&HEIGHT=374&LAYERS=by%3Agemeinden&REQUEST=GetMap&SRS=EPSG%3A25832&BBOX=692417.4444444445%2C5332149.888888889%2C697666.7777777778%2C5337427.444444445&VERSION=1.1.1&SERVICE=WMS
00:08:43.475 [ForkJoinPool-1-worker-229] INFO  o.m.p.map.tiled.wms.TiledWmsLayer - Tiled WMS query: http://localhost:8088/geoserver/by/wms?FORMAT_OPTIONS=dpi%3A72&TRANSPARENT=true&FORMAT=image%2Fpng&STYLES=&WIDTH=372&HEIGHT=374&LAYERS=by%3Agemeinden&REQUEST=GetMap&SRS=EPSG%3A25832&BBOX=695945.2222222222%2C5332149.888888889%2C701194.5555555555%2C5337427.444444445&VERSION=1.1.1&SERVICE=WMS
00:08:43.513 [ForkJoinPool-1-worker-229] INFO  o.m.p.map.tiled.wms.TiledWmsLayer - Tiled WMS query: http://localhost:8088/geoserver/by/wms?FORMAT_OPTIONS=dpi%3A72&TRANSPARENT=true&FORMAT=image%2Fpng&STYLES=&WIDTH=311&HEIGHT=374&LAYERS=by%3Agemeinden&REQUEST=GetMap&SRS=EPSG%3A25832&BBOX=699473.0%2C5332149.888888889%2C703861.5555555556%2C5337427.444444445&VERSION=1.1.1&SERVICE=WMS
00:08:43.518 [ForkJoinPool-1-worker-229] INFO  o.m.p.map.tiled.wms.TiledWmsLayer - Tiled WMS query: http://localhost:8088/geoserver/by/wms?FORMAT_OPTIONS=dpi%3A72&TRANSPARENT=true&FORMAT=image%2Fpng&STYLES=&WIDTH=61&HEIGHT=374&LAYERS=by%3Agemeinden&REQUEST=GetMap&SRS=EPSG%3A25832&BBOX=703000.7777777778%2C5332149.888888889%2C703861.5555555556%2C5337427.444444445&VERSION=1.1.1&SERVICE=WMS
00:08:44.031 [ForkJoinPool-1-worker-229] INFO  o.m.p.processor.ProcessorGraphNode - Error while executing process: CreateMapProcessor
00:08:44.033 [ForkJoinPool-1-worker-229] INFO  o.m.p.processor.ProcessorGraphNode - Time taken to run processor: 'class org.mapfish.print.processor.map.CreateMapProcessor' was 1522 ms
00:08:44.150 [ForkJoinPool-2-worker-31] INFO  o.a.http.impl.execchain.RetryExec - I/O exception (java.net.SocketException) caught when processing request to {}->http://localhost:8088: Socket closed
00:08:44.151 [ForkJoinPool-2-worker-31] INFO  o.a.http.impl.execchain.RetryExec - Retrying request to {}->http://localhost:8088

> Task :core:print FAILED

Deprecated Gradle features were used in this build, making it incompatible with Gradle 7.0.
Use '--warning-mode all' to show the individual deprecation warnings.
See https://docs.gradle.org/6.6/userguide/command_line_interface.html#sec:command_line_warnings
3 actionable tasks: 1 executed, 2 up-to-date
