> Task :core:compileJava UP-TO-DATE
> Task :core:processResources UP-TO-DATE
> Task :core:classes UP-TO-DATE

> Task :core:print
14:34:27,211 |-INFO in ch.qos.logback.classic.LoggerContext[default] - Could NOT find resource [logback-test.xml]
14:34:27,214 |-INFO in ch.qos.logback.classic.LoggerContext[default] - Could NOT find resource [logback.groovy]
14:34:27,216 |-INFO in ch.qos.logback.classic.LoggerContext[default] - Found resource [logback.xml] at [file:/home/bhoefling/dev/mfp/mapfish-print/core/build/resources/main/logback.xml]
14:34:27,459 |-INFO in ch.qos.logback.classic.joran.action.ConfigurationAction - debug attribute not set
14:34:27,468 |-INFO in ch.qos.logback.core.joran.action.AppenderAction - About to instantiate appender of type [ch.qos.logback.core.ConsoleAppender]
14:34:27,480 |-INFO in ch.qos.logback.core.joran.action.AppenderAction - Naming appender as [standardOut]
14:34:27,506 |-INFO in ch.qos.logback.core.joran.action.NestedComplexPropertyIA - Assuming default type [ch.qos.logback.classic.encoder.PatternLayoutEncoder] for [encoder] property
14:34:27,585 |-INFO in ch.qos.logback.classic.joran.action.LoggerAction - Setting level of logger [org.mapfish] to WARN
14:34:27,585 |-INFO in ch.qos.logback.classic.joran.action.LoggerAction - Setting level of logger [com.codahale] to WARN
14:34:27,585 |-INFO in ch.qos.logback.classic.joran.action.LoggerAction - Setting level of logger [org.springframework] to WARN
14:34:27,585 |-INFO in ch.qos.logback.classic.joran.action.LoggerAction - Setting level of logger [org.apache] to WARN
14:34:27,585 |-INFO in ch.qos.logback.classic.joran.action.LoggerAction - Setting level of logger [org.hibernate] to WARN
14:34:27,585 |-INFO in ch.qos.logback.classic.joran.action.RootLoggerAction - Setting level of ROOT logger to INFO
14:34:27,585 |-INFO in ch.qos.logback.core.joran.action.AppenderRefAction - Attaching appender named [standardOut] to Logger[ROOT]
14:34:27,586 |-INFO in ch.qos.logback.classic.joran.action.ConfigurationAction - End of configuration.
14:34:27,587 |-INFO in ch.qos.logback.classic.joran.JoranConfigurator@5136d012 - Registering current configuration as safe fallback point
14:34:27,632 |-INFO in ch.qos.logback.classic.joran.action.ConfigurationAction - debug attribute not set
14:34:27,632 |-INFO in ch.qos.logback.core.joran.action.AppenderAction - About to instantiate appender of type [ch.qos.logback.core.ConsoleAppender]
14:34:27,632 |-INFO in ch.qos.logback.core.joran.action.AppenderAction - Naming appender as [standardOut]
14:34:27,634 |-WARN in ch.qos.logback.core.ConsoleAppender[standardOut] - This appender no longer admits a layout as a sub-component, set an encoder instead.
14:34:27,634 |-WARN in ch.qos.logback.core.ConsoleAppender[standardOut] - To ensure compatibility, wrapping your layout in LayoutWrappingEncoder.
14:34:27,634 |-WARN in ch.qos.logback.core.ConsoleAppender[standardOut] - See also http://logback.qos.ch/codes.html#layoutInsteadOfEncoder for details
14:34:27,634 |-INFO in ch.qos.logback.classic.joran.action.LoggerAction - Setting level of logger [org.mapfish] to INFO
14:34:27,634 |-INFO in ch.qos.logback.classic.joran.action.LoggerAction - Setting level of logger [org.mapfish.print.output.ValuesLogger] to OFF
14:34:27,634 |-INFO in ch.qos.logback.classic.joran.action.RootLoggerAction - Setting level of ROOT logger to INFO
14:34:27,634 |-INFO in ch.qos.logback.core.joran.action.AppenderRefAction - Attaching appender named [standardOut] to Logger[ROOT]
14:34:27,634 |-INFO in ch.qos.logback.classic.joran.action.ConfigurationAction - End of configuration.
14:34:27,634 |-INFO in ch.qos.logback.classic.joran.JoranConfigurator@5939a379 - Registering current configuration as safe fallback point

14:34:28.783 [main] INFO  o.m.print.config.CustomFontLoader - Font java.awt.Font[family=JasperReports Icons,name=JasperReports Icons,style=plain,size=10] from Jasper registered successfully
14:34:28.795 [main] INFO  o.m.print.config.CustomFontLoader - Font java.awt.Font[family=JasperReports Icons,name=JasperReports Icons,style=bold,size=10] from Jasper registered successfully
14:34:28.795 [main] INFO  o.m.print.config.CustomFontLoader - Font java.awt.Font[family=JasperReports Icons,name=JasperReports Icons,style=italic,size=10] from Jasper registered successfully
14:34:28.796 [main] INFO  o.m.print.config.CustomFontLoader - Font java.awt.Font[family=JasperReports Icons,name=JasperReports Icons,style=bolditalic,size=10] from Jasper registered successfully
14:34:28.796 [main] INFO  o.m.print.config.CustomFontLoader - Font java.awt.Font[family=JasperReports Icons,name=JasperReports Icons,style=plain,size=10] from Jasper registered successfully
14:34:28.796 [main] INFO  o.m.print.config.CustomFontLoader - Font java.awt.Font[family=JasperReports Icons,name=JasperReports Icons,style=bold,size=10] from Jasper registered successfully
14:34:28.796 [main] INFO  o.m.print.config.CustomFontLoader - Font java.awt.Font[family=JasperReports Icons,name=JasperReports Icons,style=italic,size=10] from Jasper registered successfully
14:34:28.796 [main] INFO  o.m.print.config.CustomFontLoader - Font java.awt.Font[family=JasperReports Icons,name=JasperReports Icons,style=bolditalic,size=10] from Jasper registered successfully
14:34:29.799 [Clean up old files] INFO  o.m.print.config.WorkingDirectories - deleted 0 old file(s) in /tmp/mapfish-print/default/reports
14:34:29.800 [Clean up old files] INFO  o.m.print.config.WorkingDirectories - deleted 0 old file(s) in /tmp/mapfish-print/default
14:34:29.800 [Clean up old files] INFO  o.m.print.config.WorkingDirectories - deleted 0 old file(s) in /tmp
14:34:30.969 [ForkJoinPool-1-worker-115] INFO  o.m.p.processor.ProcessorGraphNode - Time taken to run processor: 'class org.mapfish.print.processor.jasper.JasperReportBuilder' was 0 ms
14:34:30.999 [ForkJoinPool-1-worker-229] INFO  o.m.p.map.tiled.wms.TiledWmsLayer - Tiled WMS query: http://localhost:8088/geoserver/wms?TRANSPARENT=true&FORMAT=image%2Fpng&STYLES=&WIDTH=256&HEIGHT=256&LAYERS=topp%3Astates&REQUEST=GetMap&SRS=EPSG%3A4326&BBOX=-130.0%2C20.0%2C-107.02564102564102%2C42.97435897435898&VERSION=1.1.1&SERVICE=WMS
14:34:31.021 [ForkJoinPool-1-worker-229] INFO  o.m.p.map.tiled.wms.TiledWmsLayer - Tiled WMS query: http://localhost:8088/geoserver/wms?TRANSPARENT=true&FORMAT=image%2Fpng&STYLES=&WIDTH=256&HEIGHT=256&LAYERS=topp%3Astates&REQUEST=GetMap&SRS=EPSG%3A4326&BBOX=-107.02564102564102%2C20.0%2C-84.05128205128204%2C42.97435897435898&VERSION=1.1.1&SERVICE=WMS
14:34:31.029 [ForkJoinPool-1-worker-229] INFO  o.m.p.map.tiled.wms.TiledWmsLayer - Tiled WMS query: http://localhost:8088/geoserver/wms?TRANSPARENT=true&FORMAT=image%2Fpng&STYLES=&WIDTH=256&HEIGHT=256&LAYERS=topp%3Astates&REQUEST=GetMap&SRS=EPSG%3A4326&BBOX=-84.05128205128204%2C20.0%2C-61.076923076923066%2C42.97435897435898&VERSION=1.1.1&SERVICE=WMS
14:34:31.032 [ForkJoinPool-1-worker-229] INFO  o.m.p.map.tiled.wms.TiledWmsLayer - Tiled WMS query: http://localhost:8088/geoserver/wms?TRANSPARENT=true&FORMAT=image%2Fpng&STYLES=&WIDTH=12&HEIGHT=256&LAYERS=topp%3Astates&REQUEST=GetMap&SRS=EPSG%3A4326&BBOX=-61.076923076923066%2C20.0%2C-60.0%2C42.97435897435898&VERSION=1.1.1&SERVICE=WMS
14:34:31.035 [ForkJoinPool-1-worker-229] INFO  o.m.p.map.tiled.wms.TiledWmsLayer - Tiled WMS query: http://localhost:8088/geoserver/wms?TRANSPARENT=true&FORMAT=image%2Fpng&STYLES=&WIDTH=256&HEIGHT=256&LAYERS=topp%3Astates&REQUEST=GetMap&SRS=EPSG%3A4326&BBOX=-130.0%2C42.97435897435898%2C-107.02564102564102%2C65.94871794871796&VERSION=1.1.1&SERVICE=WMS
14:34:31.038 [ForkJoinPool-1-worker-229] INFO  o.m.p.map.tiled.wms.TiledWmsLayer - Tiled WMS query: http://localhost:8088/geoserver/wms?TRANSPARENT=true&FORMAT=image%2Fpng&STYLES=&WIDTH=256&HEIGHT=256&LAYERS=topp%3Astates&REQUEST=GetMap&SRS=EPSG%3A4326&BBOX=-107.02564102564102%2C42.97435897435898%2C-84.05128205128204%2C65.94871794871796&VERSION=1.1.1&SERVICE=WMS
14:34:31.051 [ForkJoinPool-1-worker-229] INFO  o.m.p.map.tiled.wms.TiledWmsLayer - Tiled WMS query: http://localhost:8088/geoserver/wms?TRANSPARENT=true&FORMAT=image%2Fpng&STYLES=&WIDTH=256&HEIGHT=256&LAYERS=topp%3Astates&REQUEST=GetMap&SRS=EPSG%3A4326&BBOX=-84.05128205128204%2C42.97435897435898%2C-61.076923076923066%2C65.94871794871796&VERSION=1.1.1&SERVICE=WMS
14:34:31.060 [ForkJoinPool-1-worker-229] INFO  o.m.p.map.tiled.wms.TiledWmsLayer - Tiled WMS query: http://localhost:8088/geoserver/wms?TRANSPARENT=true&FORMAT=image%2Fpng&STYLES=&WIDTH=12&HEIGHT=256&LAYERS=topp%3Astates&REQUEST=GetMap&SRS=EPSG%3A4326&BBOX=-61.076923076923066%2C42.97435897435898%2C-60.0%2C65.94871794871796&VERSION=1.1.1&SERVICE=WMS
14:34:32.557 [ForkJoinPool-1-worker-229] INFO  o.m.p.processor.ProcessorGraphNode - Time taken to run processor: 'class org.mapfish.print.processor.map.CreateMapProcessor' was 1588 ms

Deprecated Gradle features were used in this build, making it incompatible with Gradle 7.0.
Use '--warning-mode all' to show the individual deprecation warnings.
See https://docs.gradle.org/6.6/userguide/command_line_interface.html#sec:command_line_warnings

BUILD SUCCESSFUL in 7s
3 actionable tasks: 1 executed, 2 up-to-date
