> Task :core:compileJava UP-TO-DATE
> Task :core:processResources UP-TO-DATE
> Task :core:classes UP-TO-DATE

> Task :core:print
14:34:12,142 |-INFO in ch.qos.logback.classic.LoggerContext[default] - Could NOT find resource [logback-test.xml]
14:34:12,143 |-INFO in ch.qos.logback.classic.LoggerContext[default] - Could NOT find resource [logback.groovy]
14:34:12,144 |-INFO in ch.qos.logback.classic.LoggerContext[default] - Found resource [logback.xml] at [file:/home/bhoefling/dev/mfp/mapfish-print/core/build/resources/main/logback.xml]
14:34:12,279 |-INFO in ch.qos.logback.classic.joran.action.ConfigurationAction - debug attribute not set
14:34:12,282 |-INFO in ch.qos.logback.core.joran.action.AppenderAction - About to instantiate appender of type [ch.qos.logback.core.ConsoleAppender]
14:34:12,290 |-INFO in ch.qos.logback.core.joran.action.AppenderAction - Naming appender as [standardOut]
14:34:12,302 |-INFO in ch.qos.logback.core.joran.action.NestedComplexPropertyIA - Assuming default type [ch.qos.logback.classic.encoder.PatternLayoutEncoder] for [encoder] property
14:34:12,356 |-INFO in ch.qos.logback.classic.joran.action.LoggerAction - Setting level of logger [org.mapfish] to WARN
14:34:12,356 |-INFO in ch.qos.logback.classic.joran.action.LoggerAction - Setting level of logger [com.codahale] to WARN
14:34:12,356 |-INFO in ch.qos.logback.classic.joran.action.LoggerAction - Setting level of logger [org.springframework] to WARN
14:34:12,356 |-INFO in ch.qos.logback.classic.joran.action.LoggerAction - Setting level of logger [org.apache] to WARN
14:34:12,356 |-INFO in ch.qos.logback.classic.joran.action.LoggerAction - Setting level of logger [org.hibernate] to WARN
14:34:12,356 |-INFO in ch.qos.logback.classic.joran.action.RootLoggerAction - Setting level of ROOT logger to INFO
14:34:12,357 |-INFO in ch.qos.logback.core.joran.action.AppenderRefAction - Attaching appender named [standardOut] to Logger[ROOT]
14:34:12,357 |-INFO in ch.qos.logback.classic.joran.action.ConfigurationAction - End of configuration.
14:34:12,358 |-INFO in ch.qos.logback.classic.joran.JoranConfigurator@5136d012 - Registering current configuration as safe fallback point
14:34:12,401 |-INFO in ch.qos.logback.classic.joran.action.ConfigurationAction - debug attribute not set
14:34:12,401 |-INFO in ch.qos.logback.core.joran.action.AppenderAction - About to instantiate appender of type [ch.qos.logback.core.ConsoleAppender]
14:34:12,401 |-INFO in ch.qos.logback.core.joran.action.AppenderAction - Naming appender as [standardOut]
14:34:12,403 |-WARN in ch.qos.logback.core.ConsoleAppender[standardOut] - This appender no longer admits a layout as a sub-component, set an encoder instead.
14:34:12,403 |-WARN in ch.qos.logback.core.ConsoleAppender[standardOut] - To ensure compatibility, wrapping your layout in LayoutWrappingEncoder.
14:34:12,403 |-WARN in ch.qos.logback.core.ConsoleAppender[standardOut] - See also http://logback.qos.ch/codes.html#layoutInsteadOfEncoder for details
14:34:12,403 |-INFO in ch.qos.logback.classic.joran.action.LoggerAction - Setting level of logger [org.mapfish] to INFO
14:34:12,403 |-INFO in ch.qos.logback.classic.joran.action.LoggerAction - Setting level of logger [org.mapfish.print.output.ValuesLogger] to OFF
14:34:12,403 |-INFO in ch.qos.logback.classic.joran.action.RootLoggerAction - Setting level of ROOT logger to INFO
14:34:12,403 |-INFO in ch.qos.logback.core.joran.action.AppenderRefAction - Attaching appender named [standardOut] to Logger[ROOT]
14:34:12,403 |-INFO in ch.qos.logback.classic.joran.action.ConfigurationAction - End of configuration.
14:34:12,404 |-INFO in ch.qos.logback.classic.joran.JoranConfigurator@5939a379 - Registering current configuration as safe fallback point

14:34:13.641 [main] INFO  o.m.print.config.CustomFontLoader - Font java.awt.Font[family=JasperReports Icons,name=JasperReports Icons,style=plain,size=10] from Jasper registered successfully
14:34:13.659 [main] INFO  o.m.print.config.CustomFontLoader - Font java.awt.Font[family=JasperReports Icons,name=JasperReports Icons,style=bold,size=10] from Jasper registered successfully
14:34:13.659 [main] INFO  o.m.print.config.CustomFontLoader - Font java.awt.Font[family=JasperReports Icons,name=JasperReports Icons,style=italic,size=10] from Jasper registered successfully
14:34:13.659 [main] INFO  o.m.print.config.CustomFontLoader - Font java.awt.Font[family=JasperReports Icons,name=JasperReports Icons,style=bolditalic,size=10] from Jasper registered successfully
14:34:13.659 [main] INFO  o.m.print.config.CustomFontLoader - Font java.awt.Font[family=JasperReports Icons,name=JasperReports Icons,style=plain,size=10] from Jasper registered successfully
14:34:13.659 [main] INFO  o.m.print.config.CustomFontLoader - Font java.awt.Font[family=JasperReports Icons,name=JasperReports Icons,style=bold,size=10] from Jasper registered successfully
14:34:13.659 [main] INFO  o.m.print.config.CustomFontLoader - Font java.awt.Font[family=JasperReports Icons,name=JasperReports Icons,style=italic,size=10] from Jasper registered successfully
14:34:13.660 [main] INFO  o.m.print.config.CustomFontLoader - Font java.awt.Font[family=JasperReports Icons,name=JasperReports Icons,style=bolditalic,size=10] from Jasper registered successfully
14:34:15.018 [Clean up old files] INFO  o.m.print.config.WorkingDirectories - deleted 0 old file(s) in /tmp/mapfish-print/default/reports
14:34:15.019 [Clean up old files] INFO  o.m.print.config.WorkingDirectories - deleted 0 old file(s) in /tmp/mapfish-print/default
14:34:15.019 [Clean up old files] INFO  o.m.print.config.WorkingDirectories - deleted 0 old file(s) in /tmp
14:34:16.186 [ForkJoinPool-1-worker-115] INFO  o.m.p.processor.ProcessorGraphNode - Time taken to run processor: 'class org.mapfish.print.processor.jasper.JasperReportBuilder' was 0 ms
14:34:16.192 [ForkJoinPool-1-worker-229] INFO  o.m.p.p.map.SetTiledWmsProcessor - Converting layer http://localhost:8088/geoserver/wms[topp:states] into a tiled WMS layer with tileSize=195x165
14:34:16.200 [ForkJoinPool-1-worker-229] INFO  o.m.p.processor.ProcessorGraphNode - Time taken to run processor: 'class org.mapfish.print.processor.map.SetTiledWmsProcessor' was 12 ms
14:34:16.229 [ForkJoinPool-1-worker-229] INFO  o.m.p.map.tiled.wms.TiledWmsLayer - Tiled WMS query: http://localhost:8088/geoserver/wms?TRANSPARENT=true&FORMAT=image%2Fpng&STYLES=&WIDTH=195&HEIGHT=165&LAYERS=topp%3Astates&REQUEST=GetMap&SRS=EPSG%3A4326&BBOX=-130.0%2C20.0%2C-112.5%2C34.80769230769231&VERSION=1.1.1&SERVICE=WMS
14:34:16.250 [ForkJoinPool-1-worker-229] INFO  o.m.p.map.tiled.wms.TiledWmsLayer - Tiled WMS query: http://localhost:8088/geoserver/wms?TRANSPARENT=true&FORMAT=image%2Fpng&STYLES=&WIDTH=195&HEIGHT=165&LAYERS=topp%3Astates&REQUEST=GetMap&SRS=EPSG%3A4326&BBOX=-112.5%2C20.0%2C-95.0%2C34.80769230769231&VERSION=1.1.1&SERVICE=WMS
14:34:16.252 [ForkJoinPool-1-worker-229] INFO  o.m.p.map.tiled.wms.TiledWmsLayer - Tiled WMS query: http://localhost:8088/geoserver/wms?TRANSPARENT=true&FORMAT=image%2Fpng&STYLES=&WIDTH=195&HEIGHT=165&LAYERS=topp%3Astates&REQUEST=GetMap&SRS=EPSG%3A4326&BBOX=-95.0%2C20.0%2C-77.5%2C34.80769230769231&VERSION=1.1.1&SERVICE=WMS
14:34:16.255 [ForkJoinPool-1-worker-229] INFO  o.m.p.map.tiled.wms.TiledWmsLayer - Tiled WMS query: http://localhost:8088/geoserver/wms?TRANSPARENT=true&FORMAT=image%2Fpng&STYLES=&WIDTH=195&HEIGHT=165&LAYERS=topp%3Astates&REQUEST=GetMap&SRS=EPSG%3A4326&BBOX=-77.5%2C20.0%2C-60.0%2C34.80769230769231&VERSION=1.1.1&SERVICE=WMS
14:34:16.261 [ForkJoinPool-1-worker-229] INFO  o.m.p.map.tiled.wms.TiledWmsLayer - Tiled WMS query: http://localhost:8088/geoserver/wms?TRANSPARENT=true&FORMAT=image%2Fpng&STYLES=&WIDTH=195&HEIGHT=165&LAYERS=topp%3Astates&REQUEST=GetMap&SRS=EPSG%3A4326&BBOX=-130.0%2C34.80769230769231%2C-112.5%2C49.61538461538461&VERSION=1.1.1&SERVICE=WMS
14:34:16.264 [ForkJoinPool-1-worker-229] INFO  o.m.p.map.tiled.wms.TiledWmsLayer - Tiled WMS query: http://localhost:8088/geoserver/wms?TRANSPARENT=true&FORMAT=image%2Fpng&STYLES=&WIDTH=195&HEIGHT=165&LAYERS=topp%3Astates&REQUEST=GetMap&SRS=EPSG%3A4326&BBOX=-112.5%2C34.80769230769231%2C-95.0%2C49.61538461538461&VERSION=1.1.1&SERVICE=WMS
14:34:16.271 [ForkJoinPool-1-worker-229] INFO  o.m.p.map.tiled.wms.TiledWmsLayer - Tiled WMS query: http://localhost:8088/geoserver/wms?TRANSPARENT=true&FORMAT=image%2Fpng&STYLES=&WIDTH=195&HEIGHT=165&LAYERS=topp%3Astates&REQUEST=GetMap&SRS=EPSG%3A4326&BBOX=-95.0%2C34.80769230769231%2C-77.5%2C49.61538461538461&VERSION=1.1.1&SERVICE=WMS
14:34:16.278 [ForkJoinPool-1-worker-229] INFO  o.m.p.map.tiled.wms.TiledWmsLayer - Tiled WMS query: http://localhost:8088/geoserver/wms?TRANSPARENT=true&FORMAT=image%2Fpng&STYLES=&WIDTH=195&HEIGHT=165&LAYERS=topp%3Astates&REQUEST=GetMap&SRS=EPSG%3A4326&BBOX=-77.5%2C34.80769230769231%2C-60.0%2C49.61538461538461&VERSION=1.1.1&SERVICE=WMS
14:34:16.280 [ForkJoinPool-1-worker-229] INFO  o.m.p.map.tiled.wms.TiledWmsLayer - Tiled WMS query: http://localhost:8088/geoserver/wms?TRANSPARENT=true&FORMAT=image%2Fpng&STYLES=&WIDTH=195&HEIGHT=165&LAYERS=topp%3Astates&REQUEST=GetMap&SRS=EPSG%3A4326&BBOX=-130.0%2C49.61538461538461%2C-112.5%2C64.42307692307692&VERSION=1.1.1&SERVICE=WMS
14:34:16.282 [ForkJoinPool-1-worker-229] INFO  o.m.p.map.tiled.wms.TiledWmsLayer - Tiled WMS query: http://localhost:8088/geoserver/wms?TRANSPARENT=true&FORMAT=image%2Fpng&STYLES=&WIDTH=195&HEIGHT=165&LAYERS=topp%3Astates&REQUEST=GetMap&SRS=EPSG%3A4326&BBOX=-112.5%2C49.61538461538461%2C-95.0%2C64.42307692307692&VERSION=1.1.1&SERVICE=WMS
14:34:16.286 [ForkJoinPool-1-worker-229] INFO  o.m.p.map.tiled.wms.TiledWmsLayer - Tiled WMS query: http://localhost:8088/geoserver/wms?TRANSPARENT=true&FORMAT=image%2Fpng&STYLES=&WIDTH=195&HEIGHT=165&LAYERS=topp%3Astates&REQUEST=GetMap&SRS=EPSG%3A4326&BBOX=-95.0%2C49.61538461538461%2C-77.5%2C64.42307692307692&VERSION=1.1.1&SERVICE=WMS
14:34:16.293 [ForkJoinPool-1-worker-229] INFO  o.m.p.map.tiled.wms.TiledWmsLayer - Tiled WMS query: http://localhost:8088/geoserver/wms?TRANSPARENT=true&FORMAT=image%2Fpng&STYLES=&WIDTH=195&HEIGHT=165&LAYERS=topp%3Astates&REQUEST=GetMap&SRS=EPSG%3A4326&BBOX=-77.5%2C49.61538461538461%2C-60.0%2C64.42307692307692&VERSION=1.1.1&SERVICE=WMS
14:34:17.647 [ForkJoinPool-1-worker-229] INFO  o.m.p.processor.ProcessorGraphNode - Time taken to run processor: 'class org.mapfish.print.processor.map.CreateMapProcessor' was 1446 ms

Deprecated Gradle features were used in this build, making it incompatible with Gradle 7.0.
Use '--warning-mode all' to show the individual deprecation warnings.
See https://docs.gradle.org/6.6/userguide/command_line_interface.html#sec:command_line_warnings

BUILD SUCCESSFUL in 7s
3 actionable tasks: 1 executed, 2 up-to-date
