> Task :core:compileJava UP-TO-DATE
> Task :core:processResources UP-TO-DATE
> Task :core:classes UP-TO-DATE

> Task :core:print
14:34:46,633 |-INFO in ch.qos.logback.classic.LoggerContext[default] - Could NOT find resource [logback-test.xml]
14:34:46,636 |-INFO in ch.qos.logback.classic.LoggerContext[default] - Could NOT find resource [logback.groovy]
14:34:46,638 |-INFO in ch.qos.logback.classic.LoggerContext[default] - Found resource [logback.xml] at [file:/home/bhoefling/dev/mfp/mapfish-print/core/build/resources/main/logback.xml]
14:34:46,955 |-INFO in ch.qos.logback.classic.joran.action.ConfigurationAction - debug attribute not set
14:34:46,964 |-INFO in ch.qos.logback.core.joran.action.AppenderAction - About to instantiate appender of type [ch.qos.logback.core.ConsoleAppender]
14:34:46,975 |-INFO in ch.qos.logback.core.joran.action.AppenderAction - Naming appender as [standardOut]
14:34:47,000 |-INFO in ch.qos.logback.core.joran.action.NestedComplexPropertyIA - Assuming default type [ch.qos.logback.classic.encoder.PatternLayoutEncoder] for [encoder] property
14:34:47,057 |-INFO in ch.qos.logback.classic.joran.action.LoggerAction - Setting level of logger [org.mapfish] to WARN
14:34:47,057 |-INFO in ch.qos.logback.classic.joran.action.LoggerAction - Setting level of logger [com.codahale] to WARN
14:34:47,057 |-INFO in ch.qos.logback.classic.joran.action.LoggerAction - Setting level of logger [org.springframework] to WARN
14:34:47,057 |-INFO in ch.qos.logback.classic.joran.action.LoggerAction - Setting level of logger [org.apache] to WARN
14:34:47,058 |-INFO in ch.qos.logback.classic.joran.action.LoggerAction - Setting level of logger [org.hibernate] to WARN
14:34:47,058 |-INFO in ch.qos.logback.classic.joran.action.RootLoggerAction - Setting level of ROOT logger to INFO
14:34:47,058 |-INFO in ch.qos.logback.core.joran.action.AppenderRefAction - Attaching appender named [standardOut] to Logger[ROOT]
14:34:47,058 |-INFO in ch.qos.logback.classic.joran.action.ConfigurationAction - End of configuration.
14:34:47,061 |-INFO in ch.qos.logback.classic.joran.JoranConfigurator@5136d012 - Registering current configuration as safe fallback point
14:34:47,116 |-INFO in ch.qos.logback.classic.joran.action.ConfigurationAction - debug attribute not set
14:34:47,116 |-INFO in ch.qos.logback.core.joran.action.AppenderAction - About to instantiate appender of type [ch.qos.logback.core.ConsoleAppender]
14:34:47,116 |-INFO in ch.qos.logback.core.joran.action.AppenderAction - Naming appender as [standardOut]
14:34:47,118 |-WARN in ch.qos.logback.core.ConsoleAppender[standardOut] - This appender no longer admits a layout as a sub-component, set an encoder instead.
14:34:47,118 |-WARN in ch.qos.logback.core.ConsoleAppender[standardOut] - To ensure compatibility, wrapping your layout in LayoutWrappingEncoder.
14:34:47,118 |-WARN in ch.qos.logback.core.ConsoleAppender[standardOut] - See also http://logback.qos.ch/codes.html#layoutInsteadOfEncoder for details
14:34:47,118 |-INFO in ch.qos.logback.classic.joran.action.LoggerAction - Setting level of logger [org.mapfish] to INFO
14:34:47,118 |-INFO in ch.qos.logback.classic.joran.action.LoggerAction - Setting level of logger [org.mapfish.print.output.ValuesLogger] to OFF
14:34:47,118 |-INFO in ch.qos.logback.classic.joran.action.RootLoggerAction - Setting level of ROOT logger to INFO
14:34:47,118 |-INFO in ch.qos.logback.core.joran.action.AppenderRefAction - Attaching appender named [standardOut] to Logger[ROOT]
14:34:47,118 |-INFO in ch.qos.logback.classic.joran.action.ConfigurationAction - End of configuration.
14:34:47,118 |-INFO in ch.qos.logback.classic.joran.JoranConfigurator@5939a379 - Registering current configuration as safe fallback point

14:34:49.376 [main] INFO  o.m.print.config.CustomFontLoader - Font java.awt.Font[family=JasperReports Icons,name=JasperReports Icons,style=plain,size=10] from Jasper registered successfully
14:34:49.385 [main] INFO  o.m.print.config.CustomFontLoader - Font java.awt.Font[family=JasperReports Icons,name=JasperReports Icons,style=bold,size=10] from Jasper registered successfully
14:34:49.386 [main] INFO  o.m.print.config.CustomFontLoader - Font java.awt.Font[family=JasperReports Icons,name=JasperReports Icons,style=italic,size=10] from Jasper registered successfully
14:34:49.386 [main] INFO  o.m.print.config.CustomFontLoader - Font java.awt.Font[family=JasperReports Icons,name=JasperReports Icons,style=bolditalic,size=10] from Jasper registered successfully
14:34:49.386 [main] INFO  o.m.print.config.CustomFontLoader - Font java.awt.Font[family=JasperReports Icons,name=JasperReports Icons,style=plain,size=10] from Jasper registered successfully
14:34:49.386 [main] INFO  o.m.print.config.CustomFontLoader - Font java.awt.Font[family=JasperReports Icons,name=JasperReports Icons,style=bold,size=10] from Jasper registered successfully
14:34:49.386 [main] INFO  o.m.print.config.CustomFontLoader - Font java.awt.Font[family=JasperReports Icons,name=JasperReports Icons,style=italic,size=10] from Jasper registered successfully
14:34:49.386 [main] INFO  o.m.print.config.CustomFontLoader - Font java.awt.Font[family=JasperReports Icons,name=JasperReports Icons,style=bolditalic,size=10] from Jasper registered successfully
14:34:50.441 [Clean up old files] INFO  o.m.print.config.WorkingDirectories - deleted 0 old file(s) in /tmp/mapfish-print/default/reports
14:34:50.445 [Clean up old files] INFO  o.m.print.config.WorkingDirectories - deleted 0 old file(s) in /tmp/mapfish-print/default
14:34:50.446 [Clean up old files] INFO  o.m.print.config.WorkingDirectories - deleted 0 old file(s) in /tmp
14:34:51.900 [ForkJoinPool-1-worker-115] INFO  o.m.p.processor.ProcessorGraphNode - Time taken to run processor: 'class org.mapfish.print.processor.jasper.JasperReportBuilder' was 1 ms
14:34:51.966 [ForkJoinPool-1-worker-229] INFO  o.m.p.map.tiled.wms.TiledWmsLayer - Tiled WMS query: http://localhost:8088/geoserver/wms?TRANSPARENT=true&FORMAT=image%2Fpng&STYLES=&WIDTH=256&HEIGHT=256&LAYERS=topp%3Astates&REQUEST=GetMap&SRS=EPSG%3A4326&BBOX=-137.65094419245855%2C19.24097872857841%2C-109.6544269789473%2C47.23749594208966&VERSION=1.1.1&SERVICE=WMS
14:34:51.986 [ForkJoinPool-1-worker-229] INFO  o.m.p.map.tiled.wms.TiledWmsLayer - Tiled WMS query: http://localhost:8088/geoserver/wms?TRANSPARENT=true&FORMAT=image%2Fpng&STYLES=&WIDTH=256&HEIGHT=256&LAYERS=topp%3Astates&REQUEST=GetMap&SRS=EPSG%3A4326&BBOX=-109.6544269789473%2C19.24097872857841%2C-81.65790976543605%2C47.23749594208966&VERSION=1.1.1&SERVICE=WMS
14:34:51.990 [ForkJoinPool-1-worker-229] INFO  o.m.p.map.tiled.wms.TiledWmsLayer - Tiled WMS query: http://localhost:8088/geoserver/wms?TRANSPARENT=true&FORMAT=image%2Fpng&STYLES=&WIDTH=256&HEIGHT=256&LAYERS=topp%3Astates&REQUEST=GetMap&SRS=EPSG%3A4326&BBOX=-81.65790976543605%2C19.24097872857841%2C-53.66139255192479%2C47.23749594208966&VERSION=1.1.1&SERVICE=WMS
14:34:51.993 [ForkJoinPool-1-worker-229] INFO  o.m.p.map.tiled.wms.TiledWmsLayer - Tiled WMS query: http://localhost:8088/geoserver/wms?TRANSPARENT=true&FORMAT=image%2Fpng&STYLES=&WIDTH=12&HEIGHT=256&LAYERS=topp%3Astates&REQUEST=GetMap&SRS=EPSG%3A4326&BBOX=-53.66139255192479%2C19.24097872857841%2C-52.34905580754146%2C47.23749594208966&VERSION=1.1.1&SERVICE=WMS
14:34:51.996 [ForkJoinPool-1-worker-229] INFO  o.m.p.map.tiled.wms.TiledWmsLayer - Tiled WMS query: http://localhost:8088/geoserver/wms?TRANSPARENT=true&FORMAT=image%2Fpng&STYLES=&WIDTH=256&HEIGHT=256&LAYERS=topp%3Astates&REQUEST=GetMap&SRS=EPSG%3A4326&BBOX=-137.65094419245855%2C47.23749594208966%2C-109.6544269789473%2C75.2340131556009&VERSION=1.1.1&SERVICE=WMS
14:34:52.010 [ForkJoinPool-1-worker-229] INFO  o.m.p.map.tiled.wms.TiledWmsLayer - Tiled WMS query: http://localhost:8088/geoserver/wms?TRANSPARENT=true&FORMAT=image%2Fpng&STYLES=&WIDTH=256&HEIGHT=256&LAYERS=topp%3Astates&REQUEST=GetMap&SRS=EPSG%3A4326&BBOX=-109.6544269789473%2C47.23749594208966%2C-81.65790976543605%2C75.2340131556009&VERSION=1.1.1&SERVICE=WMS
14:34:52.016 [ForkJoinPool-1-worker-229] INFO  o.m.p.map.tiled.wms.TiledWmsLayer - Tiled WMS query: http://localhost:8088/geoserver/wms?TRANSPARENT=true&FORMAT=image%2Fpng&STYLES=&WIDTH=256&HEIGHT=256&LAYERS=topp%3Astates&REQUEST=GetMap&SRS=EPSG%3A4326&BBOX=-81.65790976543605%2C47.23749594208966%2C-53.66139255192479%2C75.2340131556009&VERSION=1.1.1&SERVICE=WMS
14:34:52.024 [ForkJoinPool-1-worker-229] INFO  o.m.p.map.tiled.wms.TiledWmsLayer - Tiled WMS query: http://localhost:8088/geoserver/wms?TRANSPARENT=true&FORMAT=image%2Fpng&STYLES=&WIDTH=12&HEIGHT=256&LAYERS=topp%3Astates&REQUEST=GetMap&SRS=EPSG%3A4326&BBOX=-53.66139255192479%2C47.23749594208966%2C-52.34905580754146%2C75.2340131556009&VERSION=1.1.1&SERVICE=WMS
14:34:53.454 [ForkJoinPool-1-worker-229] INFO  o.m.p.processor.ProcessorGraphNode - Time taken to run processor: 'class org.mapfish.print.processor.map.CreateMapProcessor' was 1554 ms

Deprecated Gradle features were used in this build, making it incompatible with Gradle 7.0.
Use '--warning-mode all' to show the individual deprecation warnings.
See https://docs.gradle.org/6.6/userguide/command_line_interface.html#sec:command_line_warnings

BUILD SUCCESSFUL in 9s
3 actionable tasks: 1 executed, 2 up-to-date
