> Task :core:compileJava UP-TO-DATE
> Task :core:processResources UP-TO-DATE
> Task :core:classes UP-TO-DATE

> Task :core:print
20:38:39,268 |-INFO in ch.qos.logback.classic.LoggerContext[default] - Could NOT find resource [logback-test.xml]
20:38:39,269 |-INFO in ch.qos.logback.classic.LoggerContext[default] - Could NOT find resource [logback.groovy]
20:38:39,270 |-INFO in ch.qos.logback.classic.LoggerContext[default] - Found resource [logback.xml] at [file:/home/bhoefling/dev/mfp/mapfish-print/core/build/resources/main/logback.xml]
20:38:39,356 |-INFO in ch.qos.logback.classic.joran.action.ConfigurationAction - debug attribute not set
20:38:39,359 |-INFO in ch.qos.logback.core.joran.action.AppenderAction - About to instantiate appender of type [ch.qos.logback.core.ConsoleAppender]
20:38:39,364 |-INFO in ch.qos.logback.core.joran.action.AppenderAction - Naming appender as [standardOut]
20:38:39,380 |-INFO in ch.qos.logback.core.joran.action.NestedComplexPropertyIA - Assuming default type [ch.qos.logback.classic.encoder.PatternLayoutEncoder] for [encoder] property
20:38:39,423 |-INFO in ch.qos.logback.classic.joran.action.LoggerAction - Setting level of logger [org.mapfish] to WARN
20:38:39,423 |-INFO in ch.qos.logback.classic.joran.action.LoggerAction - Setting level of logger [com.codahale] to WARN
20:38:39,423 |-INFO in ch.qos.logback.classic.joran.action.LoggerAction - Setting level of logger [org.springframework] to WARN
20:38:39,423 |-INFO in ch.qos.logback.classic.joran.action.LoggerAction - Setting level of logger [org.apache] to WARN
20:38:39,423 |-INFO in ch.qos.logback.classic.joran.action.LoggerAction - Setting level of logger [org.hibernate] to WARN
20:38:39,423 |-INFO in ch.qos.logback.classic.joran.action.RootLoggerAction - Setting level of ROOT logger to INFO
20:38:39,424 |-INFO in ch.qos.logback.core.joran.action.AppenderRefAction - Attaching appender named [standardOut] to Logger[ROOT]
20:38:39,424 |-INFO in ch.qos.logback.classic.joran.action.ConfigurationAction - End of configuration.
20:38:39,425 |-INFO in ch.qos.logback.classic.joran.JoranConfigurator@5136d012 - Registering current configuration as safe fallback point
20:38:39,468 |-INFO in ch.qos.logback.classic.joran.action.ConfigurationAction - debug attribute not set
20:38:39,468 |-INFO in ch.qos.logback.core.joran.action.AppenderAction - About to instantiate appender of type [ch.qos.logback.core.ConsoleAppender]
20:38:39,468 |-INFO in ch.qos.logback.core.joran.action.AppenderAction - Naming appender as [standardOut]
20:38:39,469 |-WARN in ch.qos.logback.core.ConsoleAppender[standardOut] - This appender no longer admits a layout as a sub-component, set an encoder instead.
20:38:39,469 |-WARN in ch.qos.logback.core.ConsoleAppender[standardOut] - To ensure compatibility, wrapping your layout in LayoutWrappingEncoder.
20:38:39,469 |-WARN in ch.qos.logback.core.ConsoleAppender[standardOut] - See also http://logback.qos.ch/codes.html#layoutInsteadOfEncoder for details
20:38:39,469 |-INFO in ch.qos.logback.classic.joran.action.LoggerAction - Setting level of logger [org.mapfish] to INFO
20:38:39,469 |-INFO in ch.qos.logback.classic.joran.action.LoggerAction - Setting level of logger [org.mapfish.print.output.ValuesLogger] to OFF
20:38:39,469 |-INFO in ch.qos.logback.classic.joran.action.RootLoggerAction - Setting level of ROOT logger to INFO
20:38:39,469 |-INFO in ch.qos.logback.core.joran.action.AppenderRefAction - Attaching appender named [standardOut] to Logger[ROOT]
20:38:39,469 |-INFO in ch.qos.logback.classic.joran.action.ConfigurationAction - End of configuration.
20:38:39,469 |-INFO in ch.qos.logback.classic.joran.JoranConfigurator@5939a379 - Registering current configuration as safe fallback point

20:38:40.441 [main] INFO  o.m.print.config.CustomFontLoader - Font java.awt.Font[family=JasperReports Icons,name=JasperReports Icons,style=plain,size=10] from Jasper registered successfully
20:38:40.455 [main] INFO  o.m.print.config.CustomFontLoader - Font java.awt.Font[family=JasperReports Icons,name=JasperReports Icons,style=bold,size=10] from Jasper registered successfully
20:38:40.456 [main] INFO  o.m.print.config.CustomFontLoader - Font java.awt.Font[family=JasperReports Icons,name=JasperReports Icons,style=italic,size=10] from Jasper registered successfully
20:38:40.456 [main] INFO  o.m.print.config.CustomFontLoader - Font java.awt.Font[family=JasperReports Icons,name=JasperReports Icons,style=bolditalic,size=10] from Jasper registered successfully
20:38:40.456 [main] INFO  o.m.print.config.CustomFontLoader - Font java.awt.Font[family=JasperReports Icons,name=JasperReports Icons,style=plain,size=10] from Jasper registered successfully
20:38:40.456 [main] INFO  o.m.print.config.CustomFontLoader - Font java.awt.Font[family=JasperReports Icons,name=JasperReports Icons,style=bold,size=10] from Jasper registered successfully
20:38:40.456 [main] INFO  o.m.print.config.CustomFontLoader - Font java.awt.Font[family=JasperReports Icons,name=JasperReports Icons,style=italic,size=10] from Jasper registered successfully
20:38:40.457 [main] INFO  o.m.print.config.CustomFontLoader - Font java.awt.Font[family=JasperReports Icons,name=JasperReports Icons,style=bolditalic,size=10] from Jasper registered successfully
20:38:41.262 [Clean up old files] INFO  o.m.print.config.WorkingDirectories - deleted 0 old file(s) in /tmp/mapfish-print/default/reports
20:38:41.262 [Clean up old files] INFO  o.m.print.config.WorkingDirectories - deleted 0 old file(s) in /tmp/mapfish-print/default
20:38:41.263 [Clean up old files] INFO  o.m.print.config.WorkingDirectories - deleted 0 old file(s) in /tmp
20:38:42.111 [ForkJoinPool-1-worker-115] INFO  o.m.p.processor.ProcessorGraphNode - Time taken to run processor: 'class org.mapfish.print.processor.jasper.JasperReportBuilder' was 0 ms
20:38:42.266 [ForkJoinPool-2-worker-51] INFO  o.a.http.impl.execchain.RetryExec - I/O exception (java.net.SocketException) caught when processing request to {s}->https://tile.openstreetmap.de:443: Network is unreachable (connect failed)
20:38:42.266 [ForkJoinPool-2-worker-9] INFO  o.a.http.impl.execchain.RetryExec - I/O exception (java.net.SocketException) caught when processing request to {s}->https://tile.openstreetmap.de:443: Network is unreachable (connect failed)
20:38:42.266 [ForkJoinPool-2-worker-9] INFO  o.a.http.impl.execchain.RetryExec - Retrying request to {s}->https://tile.openstreetmap.de:443
20:38:42.266 [ForkJoinPool-2-worker-51] INFO  o.a.http.impl.execchain.RetryExec - Retrying request to {s}->https://tile.openstreetmap.de:443
20:38:43.412 [ForkJoinPool-1-worker-229] INFO  o.m.p.processor.ProcessorGraphNode - Time taken to run processor: 'class org.mapfish.print.processor.map.CreateMapProcessor' was 1303 ms

Deprecated Gradle features were used in this build, making it incompatible with Gradle 7.0.
Use '--warning-mode all' to show the individual deprecation warnings.
See https://docs.gradle.org/6.6/userguide/command_line_interface.html#sec:command_line_warnings

BUILD SUCCESSFUL in 5s
3 actionable tasks: 1 executed, 2 up-to-date
