Starting a Gradle Daemon, 1 incompatible Daemon could not be reused, use --status for details
> Task :core:compileJava UP-TO-DATE
> Task :core:processResources UP-TO-DATE
> Task :core:classes UP-TO-DATE

> Task :core:print
10:53:04,693 |-INFO in ch.qos.logback.classic.LoggerContext[default] - Could NOT find resource [logback-test.xml]
10:53:04,693 |-INFO in ch.qos.logback.classic.LoggerContext[default] - Could NOT find resource [logback.groovy]
10:53:04,695 |-INFO in ch.qos.logback.classic.LoggerContext[default] - Found resource [logback.xml] at [file:/home/bhoefling/dev/mfp/mapfish-print/core/build/resources/main/logback.xml]
10:53:04,786 |-INFO in ch.qos.logback.classic.joran.action.ConfigurationAction - debug attribute not set
10:53:04,788 |-INFO in ch.qos.logback.core.joran.action.AppenderAction - About to instantiate appender of type [ch.qos.logback.core.ConsoleAppender]
10:53:04,792 |-INFO in ch.qos.logback.core.joran.action.AppenderAction - Naming appender as [standardOut]
10:53:04,796 |-INFO in ch.qos.logback.core.joran.action.NestedComplexPropertyIA - Assuming default type [ch.qos.logback.classic.encoder.PatternLayoutEncoder] for [encoder] property
10:53:04,845 |-INFO in ch.qos.logback.classic.joran.action.LoggerAction - Setting level of logger [org.mapfish] to WARN
10:53:04,845 |-INFO in ch.qos.logback.classic.joran.action.LoggerAction - Setting level of logger [com.codahale] to WARN
10:53:04,845 |-INFO in ch.qos.logback.classic.joran.action.LoggerAction - Setting level of logger [org.springframework] to WARN
10:53:04,845 |-INFO in ch.qos.logback.classic.joran.action.LoggerAction - Setting level of logger [org.apache] to WARN
10:53:04,845 |-INFO in ch.qos.logback.classic.joran.action.LoggerAction - Setting level of logger [org.hibernate] to WARN
10:53:04,845 |-INFO in ch.qos.logback.classic.joran.action.RootLoggerAction - Setting level of ROOT logger to INFO
10:53:04,845 |-INFO in ch.qos.logback.core.joran.action.AppenderRefAction - Attaching appender named [standardOut] to Logger[ROOT]
10:53:04,845 |-INFO in ch.qos.logback.classic.joran.action.ConfigurationAction - End of configuration.
10:53:04,847 |-INFO in ch.qos.logback.classic.joran.JoranConfigurator@776b83cc - Registering current configuration as safe fallback point
10:53:04,885 |-INFO in ch.qos.logback.classic.joran.action.ConfigurationAction - debug attribute not set
10:53:04,885 |-INFO in ch.qos.logback.core.joran.action.AppenderAction - About to instantiate appender of type [ch.qos.logback.core.ConsoleAppender]
10:53:04,885 |-INFO in ch.qos.logback.core.joran.action.AppenderAction - Naming appender as [standardOut]
10:53:04,886 |-WARN in ch.qos.logback.core.ConsoleAppender[standardOut] - This appender no longer admits a layout as a sub-component, set an encoder instead.
10:53:04,886 |-WARN in ch.qos.logback.core.ConsoleAppender[standardOut] - To ensure compatibility, wrapping your layout in LayoutWrappingEncoder.
10:53:04,886 |-WARN in ch.qos.logback.core.ConsoleAppender[standardOut] - See also http://logback.qos.ch/codes.html#layoutInsteadOfEncoder for details
10:53:04,886 |-INFO in ch.qos.logback.classic.joran.action.LoggerAction - Setting level of logger [org.mapfish] to INFO
10:53:04,886 |-INFO in ch.qos.logback.classic.joran.action.LoggerAction - Setting level of logger [org.mapfish.print.output.ValuesLogger] to OFF
10:53:04,886 |-INFO in ch.qos.logback.classic.joran.action.RootLoggerAction - Setting level of ROOT logger to INFO
10:53:04,886 |-INFO in ch.qos.logback.core.joran.action.AppenderRefAction - Attaching appender named [standardOut] to Logger[ROOT]
10:53:04,886 |-INFO in ch.qos.logback.classic.joran.action.ConfigurationAction - End of configuration.
10:53:04,886 |-INFO in ch.qos.logback.classic.joran.JoranConfigurator@37858383 - Registering current configuration as safe fallback point

10:53:05.751 [main] INFO  o.m.print.config.CustomFontLoader - Font java.awt.Font[family=JasperReports Icons,name=JasperReports Icons,style=plain,size=10] from Jasper registered successfully
10:53:05.764 [main] INFO  o.m.print.config.CustomFontLoader - Font java.awt.Font[family=JasperReports Icons,name=JasperReports Icons,style=bold,size=10] from Jasper registered successfully
10:53:05.764 [main] INFO  o.m.print.config.CustomFontLoader - Font java.awt.Font[family=JasperReports Icons,name=JasperReports Icons,style=italic,size=10] from Jasper registered successfully
10:53:05.764 [main] INFO  o.m.print.config.CustomFontLoader - Font java.awt.Font[family=JasperReports Icons,name=JasperReports Icons,style=bolditalic,size=10] from Jasper registered successfully
10:53:05.765 [main] INFO  o.m.print.config.CustomFontLoader - Font java.awt.Font[family=JasperReports Icons,name=JasperReports Icons,style=plain,size=10] from Jasper registered successfully
10:53:05.765 [main] INFO  o.m.print.config.CustomFontLoader - Font java.awt.Font[family=JasperReports Icons,name=JasperReports Icons,style=bold,size=10] from Jasper registered successfully
10:53:05.765 [main] INFO  o.m.print.config.CustomFontLoader - Font java.awt.Font[family=JasperReports Icons,name=JasperReports Icons,style=italic,size=10] from Jasper registered successfully
10:53:05.765 [main] INFO  o.m.print.config.CustomFontLoader - Font java.awt.Font[family=JasperReports Icons,name=JasperReports Icons,style=bolditalic,size=10] from Jasper registered successfully
10:53:06.602 [Clean up old files] INFO  o.m.print.config.WorkingDirectories - deleted 0 old file(s) in /tmp/mapfish-print/default/reports
10:53:06.603 [Clean up old files] INFO  o.m.print.config.WorkingDirectories - deleted 0 old file(s) in /tmp/mapfish-print/default
10:53:06.603 [Clean up old files] INFO  o.m.print.config.WorkingDirectories - deleted 0 old file(s) in /tmp
10:53:07.749 [ForkJoinPool-1-worker-115] INFO  o.m.p.processor.ProcessorGraphNode - Time taken to run processor: 'class org.mapfish.print.processor.jasper.JasperReportBuilder' was 0 ms
10:53:07.772 [ForkJoinPool-1-worker-229] INFO  o.m.p.map.tiled.wms.TiledWmsLayer - Tiled WMS query: https://maps.dwd.de/geoserver/dwd/wms?FORMAT_OPTIONS=dpi%3A72&TRANSPARENT=true&FORMAT=image%2Fpng&STYLES=Warngebiete_gruen%2CWarngebiete_Gemeinden_Text&WIDTH=250&HEIGHT=250&LAYERS=dwd%3AWarngebiete_Gemeinden%2Cdwd%3AWarngebiete_Gemeinden&REQUEST=GetMap&SRS=EPSG%3A25832&BBOX=693278.2222222222%2C5325969.222222222%2C695042.1111111111%2C5327733.111111111&VERSION=1.1.1&SERVICE=WMS
10:53:07.786 [ForkJoinPool-1-worker-229] INFO  o.m.p.map.tiled.wms.TiledWmsLayer - Tiled WMS query: https://maps.dwd.de/geoserver/dwd/wms?FORMAT_OPTIONS=dpi%3A72&TRANSPARENT=true&FORMAT=image%2Fpng&STYLES=Warngebiete_gruen%2CWarngebiete_Gemeinden_Text&WIDTH=250&HEIGHT=250&LAYERS=dwd%3AWarngebiete_Gemeinden%2Cdwd%3AWarngebiete_Gemeinden&REQUEST=GetMap&SRS=EPSG%3A25832&BBOX=695042.1111111111%2C5325969.222222222%2C696806.0%2C5327733.111111111&VERSION=1.1.1&SERVICE=WMS
10:53:07.791 [ForkJoinPool-1-worker-229] INFO  o.m.p.map.tiled.wms.TiledWmsLayer - Tiled WMS query: https://maps.dwd.de/geoserver/dwd/wms?FORMAT_OPTIONS=dpi%3A72&TRANSPARENT=true&FORMAT=image%2Fpng&STYLES=Warngebiete_gruen%2CWarngebiete_Gemeinden_Text&WIDTH=250&HEIGHT=250&LAYERS=dwd%3AWarngebiete_Gemeinden%2Cdwd%3AWarngebiete_Gemeinden&REQUEST=GetMap&SRS=EPSG%3A25832&BBOX=696806.0%2C5325969.222222222%2C698569.8888888889%2C5327733.111111111&VERSION=1.1.1&SERVICE=WMS
10:53:07.795 [ForkJoinPool-1-worker-229] INFO  o.m.p.map.tiled.wms.TiledWmsLayer - Tiled WMS query: https://maps.dwd.de/geoserver/dwd/wms?FORMAT_OPTIONS=dpi%3A72&TRANSPARENT=true&FORMAT=image%2Fpng&STYLES=Warngebiete_gruen%2CWarngebiete_Gemeinden_Text&WIDTH=250&HEIGHT=250&LAYERS=dwd%3AWarngebiete_Gemeinden%2Cdwd%3AWarngebiete_Gemeinden&REQUEST=GetMap&SRS=EPSG%3A25832&BBOX=698569.8888888889%2C5325969.222222222%2C700333.7777777778%2C5327733.111111111&VERSION=1.1.1&SERVICE=WMS
10:53:07.799 [ForkJoinPool-1-worker-229] INFO  o.m.p.map.tiled.wms.TiledWmsLayer - Tiled WMS query: https://maps.dwd.de/geoserver/dwd/wms?FORMAT_OPTIONS=dpi%3A72&TRANSPARENT=true&FORMAT=image%2Fpng&STYLES=Warngebiete_gruen%2CWarngebiete_Gemeinden_Text&WIDTH=250&HEIGHT=250&LAYERS=dwd%3AWarngebiete_Gemeinden%2Cdwd%3AWarngebiete_Gemeinden&REQUEST=GetMap&SRS=EPSG%3A25832&BBOX=693278.2222222222%2C5327733.111111111%2C695042.1111111111%2C5329497.0&VERSION=1.1.1&SERVICE=WMS
10:53:07.808 [ForkJoinPool-1-worker-229] INFO  o.m.p.map.tiled.wms.TiledWmsLayer - Tiled WMS query: https://maps.dwd.de/geoserver/dwd/wms?FORMAT_OPTIONS=dpi%3A72&TRANSPARENT=true&FORMAT=image%2Fpng&STYLES=Warngebiete_gruen%2CWarngebiete_Gemeinden_Text&WIDTH=250&HEIGHT=250&LAYERS=dwd%3AWarngebiete_Gemeinden%2Cdwd%3AWarngebiete_Gemeinden&REQUEST=GetMap&SRS=EPSG%3A25832&BBOX=695042.1111111111%2C5327733.111111111%2C696806.0%2C5329497.0&VERSION=1.1.1&SERVICE=WMS
10:53:07.811 [ForkJoinPool-1-worker-229] INFO  o.m.p.map.tiled.wms.TiledWmsLayer - Tiled WMS query: https://maps.dwd.de/geoserver/dwd/wms?FORMAT_OPTIONS=dpi%3A72&TRANSPARENT=true&FORMAT=image%2Fpng&STYLES=Warngebiete_gruen%2CWarngebiete_Gemeinden_Text&WIDTH=250&HEIGHT=250&LAYERS=dwd%3AWarngebiete_Gemeinden%2Cdwd%3AWarngebiete_Gemeinden&REQUEST=GetMap&SRS=EPSG%3A25832&BBOX=696806.0%2C5327733.111111111%2C698569.8888888889%2C5329497.0&VERSION=1.1.1&SERVICE=WMS
10:53:07.814 [ForkJoinPool-1-worker-229] INFO  o.m.p.map.tiled.wms.TiledWmsLayer - Tiled WMS query: https://maps.dwd.de/geoserver/dwd/wms?FORMAT_OPTIONS=dpi%3A72&TRANSPARENT=true&FORMAT=image%2Fpng&STYLES=Warngebiete_gruen%2CWarngebiete_Gemeinden_Text&WIDTH=250&HEIGHT=250&LAYERS=dwd%3AWarngebiete_Gemeinden%2Cdwd%3AWarngebiete_Gemeinden&REQUEST=GetMap&SRS=EPSG%3A25832&BBOX=698569.8888888889%2C5327733.111111111%2C700333.7777777778%2C5329497.0&VERSION=1.1.1&SERVICE=WMS
10:53:07.817 [ForkJoinPool-1-worker-229] INFO  o.m.p.map.tiled.wms.TiledWmsLayer - Tiled WMS query: https://maps.dwd.de/geoserver/dwd/wms?FORMAT_OPTIONS=dpi%3A72&TRANSPARENT=true&FORMAT=image%2Fpng&STYLES=Warngebiete_gruen%2CWarngebiete_Gemeinden_Text&WIDTH=250&HEIGHT=250&LAYERS=dwd%3AWarngebiete_Gemeinden%2Cdwd%3AWarngebiete_Gemeinden&REQUEST=GetMap&SRS=EPSG%3A25832&BBOX=693278.2222222222%2C5329497.0%2C695042.1111111111%2C5331260.888888889&VERSION=1.1.1&SERVICE=WMS
10:53:07.819 [ForkJoinPool-1-worker-229] INFO  o.m.p.map.tiled.wms.TiledWmsLayer - Tiled WMS query: https://maps.dwd.de/geoserver/dwd/wms?FORMAT_OPTIONS=dpi%3A72&TRANSPARENT=true&FORMAT=image%2Fpng&STYLES=Warngebiete_gruen%2CWarngebiete_Gemeinden_Text&WIDTH=250&HEIGHT=250&LAYERS=dwd%3AWarngebiete_Gemeinden%2Cdwd%3AWarngebiete_Gemeinden&REQUEST=GetMap&SRS=EPSG%3A25832&BBOX=695042.1111111111%2C5329497.0%2C696806.0%2C5331260.888888889&VERSION=1.1.1&SERVICE=WMS
10:53:07.824 [ForkJoinPool-1-worker-229] INFO  o.m.p.map.tiled.wms.TiledWmsLayer - Tiled WMS query: https://maps.dwd.de/geoserver/dwd/wms?FORMAT_OPTIONS=dpi%3A72&TRANSPARENT=true&FORMAT=image%2Fpng&STYLES=Warngebiete_gruen%2CWarngebiete_Gemeinden_Text&WIDTH=250&HEIGHT=250&LAYERS=dwd%3AWarngebiete_Gemeinden%2Cdwd%3AWarngebiete_Gemeinden&REQUEST=GetMap&SRS=EPSG%3A25832&BBOX=696806.0%2C5329497.0%2C698569.8888888889%2C5331260.888888889&VERSION=1.1.1&SERVICE=WMS
10:53:07.830 [ForkJoinPool-1-worker-229] INFO  o.m.p.map.tiled.wms.TiledWmsLayer - Tiled WMS query: https://maps.dwd.de/geoserver/dwd/wms?FORMAT_OPTIONS=dpi%3A72&TRANSPARENT=true&FORMAT=image%2Fpng&STYLES=Warngebiete_gruen%2CWarngebiete_Gemeinden_Text&WIDTH=250&HEIGHT=250&LAYERS=dwd%3AWarngebiete_Gemeinden%2Cdwd%3AWarngebiete_Gemeinden&REQUEST=GetMap&SRS=EPSG%3A25832&BBOX=698569.8888888889%2C5329497.0%2C700333.7777777778%2C5331260.888888889&VERSION=1.1.1&SERVICE=WMS
10:53:07.834 [ForkJoinPool-1-worker-229] INFO  o.m.p.map.tiled.wms.TiledWmsLayer - Tiled WMS query: https://maps.dwd.de/geoserver/dwd/wms?FORMAT_OPTIONS=dpi%3A72&TRANSPARENT=true&FORMAT=image%2Fpng&STYLES=Warngebiete_gruen%2CWarngebiete_Gemeinden_Text&WIDTH=250&HEIGHT=250&LAYERS=dwd%3AWarngebiete_Gemeinden%2Cdwd%3AWarngebiete_Gemeinden&REQUEST=GetMap&SRS=EPSG%3A25832&BBOX=693278.2222222222%2C5331260.888888889%2C695042.1111111111%2C5333024.777777778&VERSION=1.1.1&SERVICE=WMS
10:53:07.839 [ForkJoinPool-1-worker-229] INFO  o.m.p.map.tiled.wms.TiledWmsLayer - Tiled WMS query: https://maps.dwd.de/geoserver/dwd/wms?FORMAT_OPTIONS=dpi%3A72&TRANSPARENT=true&FORMAT=image%2Fpng&STYLES=Warngebiete_gruen%2CWarngebiete_Gemeinden_Text&WIDTH=250&HEIGHT=250&LAYERS=dwd%3AWarngebiete_Gemeinden%2Cdwd%3AWarngebiete_Gemeinden&REQUEST=GetMap&SRS=EPSG%3A25832&BBOX=695042.1111111111%2C5331260.888888889%2C696806.0%2C5333024.777777778&VERSION=1.1.1&SERVICE=WMS
10:53:07.842 [ForkJoinPool-1-worker-229] INFO  o.m.p.map.tiled.wms.TiledWmsLayer - Tiled WMS query: https://maps.dwd.de/geoserver/dwd/wms?FORMAT_OPTIONS=dpi%3A72&TRANSPARENT=true&FORMAT=image%2Fpng&STYLES=Warngebiete_gruen%2CWarngebiete_Gemeinden_Text&WIDTH=250&HEIGHT=250&LAYERS=dwd%3AWarngebiete_Gemeinden%2Cdwd%3AWarngebiete_Gemeinden&REQUEST=GetMap&SRS=EPSG%3A25832&BBOX=696806.0%2C5331260.888888889%2C698569.8888888889%2C5333024.777777778&VERSION=1.1.1&SERVICE=WMS
10:53:07.850 [ForkJoinPool-1-worker-229] INFO  o.m.p.map.tiled.wms.TiledWmsLayer - Tiled WMS query: https://maps.dwd.de/geoserver/dwd/wms?FORMAT_OPTIONS=dpi%3A72&TRANSPARENT=true&FORMAT=image%2Fpng&STYLES=Warngebiete_gruen%2CWarngebiete_Gemeinden_Text&WIDTH=250&HEIGHT=250&LAYERS=dwd%3AWarngebiete_Gemeinden%2Cdwd%3AWarngebiete_Gemeinden&REQUEST=GetMap&SRS=EPSG%3A25832&BBOX=698569.8888888889%2C5331260.888888889%2C700333.7777777778%2C5333024.777777778&VERSION=1.1.1&SERVICE=WMS
10:53:09.233 [ForkJoinPool-1-worker-229] INFO  o.m.p.processor.ProcessorGraphNode - Time taken to run processor: 'class org.mapfish.print.processor.map.CreateMapProcessor' was 1486 ms
10:53:09.234 [ForkJoinPool-1-worker-59] INFO  o.m.p.processor.ProcessorGraphNode - Time taken to run processor: 'class org.mapfish.print.processor.map.SetTiledWmsProcessor' was 0 ms
10:53:09.352 [ForkJoinPool-1-worker-229] INFO  o.m.p.processor.ProcessorGraphNode - Time taken to run processor: 'class org.mapfish.print.processor.map.CreateNorthArrowProcessor' was 119 ms

Deprecated Gradle features were used in this build, making it incompatible with Gradle 7.0.
Use '--warning-mode all' to show the individual deprecation warnings.
See https://docs.gradle.org/6.6/userguide/command_line_interface.html#sec:command_line_warnings

BUILD SUCCESSFUL in 12s
3 actionable tasks: 1 executed, 2 up-to-date
